{"/Users/admin/Documents/secure-message/secure-message-webapp/src/setupTests.js": {"path":"/Users/admin/Documents/secure-message/secure-message-webapp/src/setupTests.js","statementMap":{"0":{"start":{"line":4,"column":0},"end":{"line":4,"column":51}}},"fnMap":{},"branchMap":{},"s":{"0":13},"f":{},"b":{},"_coverageSchema":"332fd63041d2c1bcb487cc26dd0d5f7d97098a6c","hash":"093647e7c3690bae9cded60b1cdd05ee7538c5f7"}
,"/Users/admin/Documents/secure-message/secure-message-webapp/src/js/content.js": {"path":"/Users/admin/Documents/secure-message/secure-message-webapp/src/js/content.js","statementMap":{"0":{"start":{"line":2,"column":16},"end":{"line":116,"column":1}}},"fnMap":{},"branchMap":{},"s":{"0":1},"f":{},"b":{},"_coverageSchema":"332fd63041d2c1bcb487cc26dd0d5f7d97098a6c","hash":"bc59a8b28c94c111a15f237b046fa776d8d0b2db"}
,"/Users/admin/Documents/secure-message/secure-message-webapp/src/js/token.js": {"path":"/Users/admin/Documents/secure-message/secure-message-webapp/src/js/token.js","statementMap":{"0":{"start":{"line":1,"column":14},"end":{"line":72,"column":1}},"1":{"start":{"line":3,"column":22},"end":{"line":3,"column":37}},"2":{"start":{"line":4,"column":23},"end":{"line":4,"column":25}},"3":{"start":{"line":5,"column":20},"end":{"line":5,"column":22}},"4":{"start":{"line":7,"column":17},"end":{"line":7,"column":26}},"5":{"start":{"line":8,"column":20},"end":{"line":8,"column":65}},"6":{"start":{"line":9,"column":2},"end":{"line":16,"column":3}},"7":{"start":{"line":10,"column":3},"end":{"line":10,"column":39}},"8":{"start":{"line":11,"column":3},"end":{"line":11,"column":51}},"9":{"start":{"line":12,"column":3},"end":{"line":12,"column":66}},"10":{"start":{"line":13,"column":3},"end":{"line":15,"column":4}},"11":{"start":{"line":14,"column":4},"end":{"line":14,"column":49}},"12":{"start":{"line":17,"column":2},"end":{"line":17,"column":21}},"13":{"start":{"line":20,"column":22},"end":{"line":20,"column":37}},"14":{"start":{"line":21,"column":23},"end":{"line":21,"column":25}},"15":{"start":{"line":22,"column":20},"end":{"line":22,"column":22}},"16":{"start":{"line":24,"column":15},"end":{"line":24,"column":19}},"17":{"start":{"line":25,"column":2},"end":{"line":32,"column":3}},"18":{"start":{"line":26,"column":3},"end":{"line":26,"column":39}},"19":{"start":{"line":27,"column":3},"end":{"line":27,"column":46}},"20":{"start":{"line":28,"column":3},"end":{"line":28,"column":56}},"21":{"start":{"line":29,"column":3},"end":{"line":31,"column":4}},"22":{"start":{"line":30,"column":4},"end":{"line":30,"column":30}},"23":{"start":{"line":33,"column":2},"end":{"line":33,"column":16}},"24":{"start":{"line":36,"column":22},"end":{"line":36,"column":37}},"25":{"start":{"line":37,"column":23},"end":{"line":37,"column":25}},"26":{"start":{"line":38,"column":20},"end":{"line":38,"column":22}},"27":{"start":{"line":40,"column":2},"end":{"line":47,"column":3}},"28":{"start":{"line":41,"column":3},"end":{"line":41,"column":39}},"29":{"start":{"line":42,"column":3},"end":{"line":42,"column":48}},"30":{"start":{"line":43,"column":3},"end":{"line":43,"column":60}},"31":{"start":{"line":44,"column":3},"end":{"line":44,"column":63}},"32":{"start":{"line":45,"column":3},"end":{"line":45,"column":54}},"33":{"start":{"line":46,"column":3},"end":{"line":46,"column":72}},"34":{"start":{"line":48,"column":2},"end":{"line":53,"column":4}},"35":{"start":{"line":56,"column":22},"end":{"line":56,"column":37}},"36":{"start":{"line":57,"column":23},"end":{"line":57,"column":25}},"37":{"start":{"line":58,"column":20},"end":{"line":58,"column":22}},"38":{"start":{"line":60,"column":22},"end":{"line":60,"column":26}},"39":{"start":{"line":61,"column":2},"end":{"line":68,"column":3}},"40":{"start":{"line":62,"column":3},"end":{"line":62,"column":39}},"41":{"start":{"line":63,"column":3},"end":{"line":63,"column":53}},"42":{"start":{"line":64,"column":3},"end":{"line":64,"column":70}},"43":{"start":{"line":65,"column":3},"end":{"line":67,"column":4}},"44":{"start":{"line":66,"column":4},"end":{"line":66,"column":44}},"45":{"start":{"line":69,"column":2},"end":{"line":69,"column":23}}},"fnMap":{},"branchMap":{"0":{"loc":{"start":{"line":9,"column":2},"end":{"line":16,"column":3}},"type":"if","locations":[{"start":{"line":9,"column":2},"end":{"line":16,"column":3}},{"start":{"line":9,"column":2},"end":{"line":16,"column":3}}],"line":9},"1":{"loc":{"start":{"line":9,"column":6},"end":{"line":9,"column":57}},"type":"binary-expr","locations":[{"start":{"line":9,"column":6},"end":{"line":9,"column":33}},{"start":{"line":9,"column":37},"end":{"line":9,"column":57}}],"line":9},"2":{"loc":{"start":{"line":13,"column":3},"end":{"line":15,"column":4}},"type":"if","locations":[{"start":{"line":13,"column":3},"end":{"line":15,"column":4}},{"start":{"line":13,"column":3},"end":{"line":15,"column":4}}],"line":13},"3":{"loc":{"start":{"line":25,"column":2},"end":{"line":32,"column":3}},"type":"if","locations":[{"start":{"line":25,"column":2},"end":{"line":32,"column":3}},{"start":{"line":25,"column":2},"end":{"line":32,"column":3}}],"line":25},"4":{"loc":{"start":{"line":25,"column":6},"end":{"line":25,"column":57}},"type":"binary-expr","locations":[{"start":{"line":25,"column":6},"end":{"line":25,"column":33}},{"start":{"line":25,"column":37},"end":{"line":25,"column":57}}],"line":25},"5":{"loc":{"start":{"line":29,"column":3},"end":{"line":31,"column":4}},"type":"if","locations":[{"start":{"line":29,"column":3},"end":{"line":31,"column":4}},{"start":{"line":29,"column":3},"end":{"line":31,"column":4}}],"line":29},"6":{"loc":{"start":{"line":40,"column":2},"end":{"line":47,"column":3}},"type":"if","locations":[{"start":{"line":40,"column":2},"end":{"line":47,"column":3}},{"start":{"line":40,"column":2},"end":{"line":47,"column":3}}],"line":40},"7":{"loc":{"start":{"line":40,"column":6},"end":{"line":40,"column":57}},"type":"binary-expr","locations":[{"start":{"line":40,"column":6},"end":{"line":40,"column":33}},{"start":{"line":40,"column":37},"end":{"line":40,"column":57}}],"line":40},"8":{"loc":{"start":{"line":61,"column":2},"end":{"line":68,"column":3}},"type":"if","locations":[{"start":{"line":61,"column":2},"end":{"line":68,"column":3}},{"start":{"line":61,"column":2},"end":{"line":68,"column":3}}],"line":61},"9":{"loc":{"start":{"line":61,"column":6},"end":{"line":61,"column":57}},"type":"binary-expr","locations":[{"start":{"line":61,"column":6},"end":{"line":61,"column":33}},{"start":{"line":61,"column":37},"end":{"line":61,"column":57}}],"line":61},"10":{"loc":{"start":{"line":65,"column":3},"end":{"line":67,"column":4}},"type":"if","locations":[{"start":{"line":65,"column":3},"end":{"line":67,"column":4}},{"start":{"line":65,"column":3},"end":{"line":67,"column":4}}],"line":65}},"s":{"0":4,"1":4,"2":4,"3":4,"4":4,"5":4,"6":4,"7":0,"8":0,"9":0,"10":0,"11":0,"12":4,"13":4,"14":4,"15":4,"16":4,"17":4,"18":0,"19":0,"20":0,"21":0,"22":0,"23":4,"24":4,"25":4,"26":4,"27":4,"28":0,"29":0,"30":0,"31":0,"32":0,"33":0,"34":4,"35":0,"36":0,"37":0,"38":0,"39":0,"40":0,"41":0,"42":0,"43":0,"44":0,"45":0},"f":{},"b":{"0":[0,4],"1":[4,0],"2":[0,0],"3":[0,4],"4":[4,0],"5":[0,0],"6":[0,4],"7":[4,0],"8":[0,0],"9":[0,0],"10":[0,0]},"_coverageSchema":"332fd63041d2c1bcb487cc26dd0d5f7d97098a6c","hash":"6a04580c550d137f510fc45484af0f6e981753ce"}
,"/Users/admin/Documents/secure-message/secure-message-webapp/src/js/actions/AppActions.js": {"path":"/Users/admin/Documents/secure-message/secure-message-webapp/src/js/actions/AppActions.js","statementMap":{"0":{"start":{"line":7,"column":1},"end":{"line":27,"column":3}},"1":{"start":{"line":8,"column":18},"end":{"line":10,"column":3}},"2":{"start":{"line":11,"column":2},"end":{"line":11,"column":20}},"3":{"start":{"line":12,"column":18},"end":{"line":19,"column":3}},"4":{"start":{"line":13,"column":21},"end":{"line":13,"column":60}},"5":{"start":{"line":14,"column":19},"end":{"line":17,"column":4}},"6":{"start":{"line":18,"column":3},"end":{"line":18,"column":21}},"7":{"start":{"line":20,"column":16},"end":{"line":25,"column":3}},"8":{"start":{"line":21,"column":19},"end":{"line":23,"column":4}},"9":{"start":{"line":24,"column":3},"end":{"line":24,"column":21}},"10":{"start":{"line":26,"column":2},"end":{"line":26,"column":45}},"11":{"start":{"line":30,"column":1},"end":{"line":47,"column":3}},"12":{"start":{"line":31,"column":18},"end":{"line":38,"column":3}},"13":{"start":{"line":32,"column":21},"end":{"line":32,"column":44}},"14":{"start":{"line":33,"column":19},"end":{"line":36,"column":4}},"15":{"start":{"line":37,"column":3},"end":{"line":37,"column":21}},"16":{"start":{"line":39,"column":16},"end":{"line":45,"column":3}},"17":{"start":{"line":40,"column":19},"end":{"line":43,"column":4}},"18":{"start":{"line":44,"column":3},"end":{"line":44,"column":21}},"19":{"start":{"line":46,"column":2},"end":{"line":46,"column":37}},"20":{"start":{"line":50,"column":1},"end":{"line":67,"column":3}},"21":{"start":{"line":51,"column":18},"end":{"line":58,"column":3}},"22":{"start":{"line":52,"column":21},"end":{"line":52,"column":44}},"23":{"start":{"line":53,"column":19},"end":{"line":56,"column":4}},"24":{"start":{"line":57,"column":3},"end":{"line":57,"column":21}},"25":{"start":{"line":59,"column":16},"end":{"line":65,"column":3}},"26":{"start":{"line":60,"column":19},"end":{"line":63,"column":4}},"27":{"start":{"line":64,"column":3},"end":{"line":64,"column":21}},"28":{"start":{"line":66,"column":2},"end":{"line":66,"column":37}},"29":{"start":{"line":71,"column":1},"end":{"line":77,"column":3}},"30":{"start":{"line":72,"column":18},"end":{"line":75,"column":3}},"31":{"start":{"line":76,"column":2},"end":{"line":76,"column":20}},"32":{"start":{"line":81,"column":1},"end":{"line":86,"column":3}},"33":{"start":{"line":82,"column":18},"end":{"line":84,"column":3}},"34":{"start":{"line":85,"column":2},"end":{"line":85,"column":20}},"35":{"start":{"line":89,"column":1},"end":{"line":104,"column":3}},"36":{"start":{"line":90,"column":18},"end":{"line":95,"column":3}},"37":{"start":{"line":91,"column":19},"end":{"line":93,"column":4}},"38":{"start":{"line":94,"column":3},"end":{"line":94,"column":21}},"39":{"start":{"line":96,"column":16},"end":{"line":102,"column":3}},"40":{"start":{"line":97,"column":19},"end":{"line":100,"column":4}},"41":{"start":{"line":101,"column":3},"end":{"line":101,"column":21}},"42":{"start":{"line":103,"column":2},"end":{"line":103,"column":62}},"43":{"start":{"line":108,"column":1},"end":{"line":123,"column":3}},"44":{"start":{"line":109,"column":18},"end":{"line":114,"column":3}},"45":{"start":{"line":110,"column":19},"end":{"line":112,"column":4}},"46":{"start":{"line":113,"column":3},"end":{"line":113,"column":21}},"47":{"start":{"line":115,"column":16},"end":{"line":121,"column":3}},"48":{"start":{"line":116,"column":19},"end":{"line":119,"column":4}},"49":{"start":{"line":120,"column":3},"end":{"line":120,"column":21}},"50":{"start":{"line":122,"column":2},"end":{"line":122,"column":68}},"51":{"start":{"line":127,"column":1},"end":{"line":142,"column":3}},"52":{"start":{"line":128,"column":18},"end":{"line":133,"column":3}},"53":{"start":{"line":129,"column":19},"end":{"line":131,"column":4}},"54":{"start":{"line":132,"column":3},"end":{"line":132,"column":21}},"55":{"start":{"line":134,"column":16},"end":{"line":140,"column":3}},"56":{"start":{"line":135,"column":19},"end":{"line":138,"column":4}},"57":{"start":{"line":139,"column":3},"end":{"line":139,"column":21}},"58":{"start":{"line":141,"column":2},"end":{"line":141,"column":68}},"59":{"start":{"line":145,"column":1},"end":{"line":151,"column":3}},"60":{"start":{"line":146,"column":18},"end":{"line":149,"column":3}},"61":{"start":{"line":150,"column":2},"end":{"line":150,"column":20}},"62":{"start":{"line":155,"column":1},"end":{"line":170,"column":3}},"63":{"start":{"line":156,"column":18},"end":{"line":161,"column":3}},"64":{"start":{"line":157,"column":19},"end":{"line":159,"column":4}},"65":{"start":{"line":160,"column":3},"end":{"line":160,"column":21}},"66":{"start":{"line":162,"column":16},"end":{"line":168,"column":3}},"67":{"start":{"line":163,"column":19},"end":{"line":166,"column":4}},"68":{"start":{"line":167,"column":3},"end":{"line":167,"column":21}},"69":{"start":{"line":169,"column":2},"end":{"line":169,"column":68}},"70":{"start":{"line":174,"column":1},"end":{"line":180,"column":3}},"71":{"start":{"line":175,"column":18},"end":{"line":178,"column":3}},"72":{"start":{"line":179,"column":2},"end":{"line":179,"column":20}},"73":{"start":{"line":184,"column":1},"end":{"line":189,"column":3}},"74":{"start":{"line":185,"column":18},"end":{"line":187,"column":3}},"75":{"start":{"line":188,"column":2},"end":{"line":188,"column":20}},"76":{"start":{"line":193,"column":1},"end":{"line":198,"column":3}},"77":{"start":{"line":194,"column":18},"end":{"line":196,"column":3}},"78":{"start":{"line":197,"column":2},"end":{"line":197,"column":20}}},"fnMap":{"0":{"name":"fetchSecureMessages","decl":{"start":{"line":6,"column":16},"end":{"line":6,"column":35}},"loc":{"start":{"line":6,"column":38},"end":{"line":28,"column":1}},"line":6},"1":{"name":"(anonymous_1)","decl":{"start":{"line":7,"column":8},"end":{"line":7,"column":9}},"loc":{"start":{"line":7,"column":27},"end":{"line":27,"column":2}},"line":7},"2":{"name":"(anonymous_2)","decl":{"start":{"line":12,"column":18},"end":{"line":12,"column":19}},"loc":{"start":{"line":12,"column":30},"end":{"line":19,"column":3}},"line":12},"3":{"name":"(anonymous_3)","decl":{"start":{"line":20,"column":16},"end":{"line":20,"column":17}},"loc":{"start":{"line":20,"column":25},"end":{"line":25,"column":3}},"line":20},"4":{"name":"getMessageSubjects","decl":{"start":{"line":29,"column":16},"end":{"line":29,"column":34}},"loc":{"start":{"line":29,"column":37},"end":{"line":48,"column":1}},"line":29},"5":{"name":"(anonymous_5)","decl":{"start":{"line":30,"column":8},"end":{"line":30,"column":9}},"loc":{"start":{"line":30,"column":27},"end":{"line":47,"column":2}},"line":30},"6":{"name":"(anonymous_6)","decl":{"start":{"line":31,"column":18},"end":{"line":31,"column":19}},"loc":{"start":{"line":31,"column":30},"end":{"line":38,"column":3}},"line":31},"7":{"name":"(anonymous_7)","decl":{"start":{"line":39,"column":16},"end":{"line":39,"column":17}},"loc":{"start":{"line":39,"column":25},"end":{"line":45,"column":3}},"line":39},"8":{"name":"getAccounts","decl":{"start":{"line":49,"column":16},"end":{"line":49,"column":27}},"loc":{"start":{"line":49,"column":30},"end":{"line":68,"column":1}},"line":49},"9":{"name":"(anonymous_9)","decl":{"start":{"line":50,"column":8},"end":{"line":50,"column":9}},"loc":{"start":{"line":50,"column":27},"end":{"line":67,"column":2}},"line":50},"10":{"name":"(anonymous_10)","decl":{"start":{"line":51,"column":18},"end":{"line":51,"column":19}},"loc":{"start":{"line":51,"column":30},"end":{"line":58,"column":3}},"line":51},"11":{"name":"(anonymous_11)","decl":{"start":{"line":59,"column":16},"end":{"line":59,"column":17}},"loc":{"start":{"line":59,"column":25},"end":{"line":65,"column":3}},"line":59},"12":{"name":"getActiveTab","decl":{"start":{"line":70,"column":16},"end":{"line":70,"column":28}},"loc":{"start":{"line":70,"column":40},"end":{"line":78,"column":1}},"line":70},"13":{"name":"(anonymous_13)","decl":{"start":{"line":71,"column":8},"end":{"line":71,"column":9}},"loc":{"start":{"line":71,"column":27},"end":{"line":77,"column":2}},"line":71},"14":{"name":"backButton","decl":{"start":{"line":80,"column":16},"end":{"line":80,"column":26}},"loc":{"start":{"line":80,"column":29},"end":{"line":87,"column":1}},"line":80},"15":{"name":"(anonymous_15)","decl":{"start":{"line":81,"column":8},"end":{"line":81,"column":9}},"loc":{"start":{"line":81,"column":27},"end":{"line":86,"column":2}},"line":81},"16":{"name":"sendMessageData","decl":{"start":{"line":88,"column":16},"end":{"line":88,"column":31}},"loc":{"start":{"line":88,"column":53},"end":{"line":105,"column":1}},"line":88},"17":{"name":"(anonymous_17)","decl":{"start":{"line":89,"column":8},"end":{"line":89,"column":9}},"loc":{"start":{"line":89,"column":27},"end":{"line":104,"column":2}},"line":89},"18":{"name":"(anonymous_18)","decl":{"start":{"line":90,"column":18},"end":{"line":90,"column":19}},"loc":{"start":{"line":90,"column":30},"end":{"line":95,"column":3}},"line":90},"19":{"name":"(anonymous_19)","decl":{"start":{"line":96,"column":16},"end":{"line":96,"column":17}},"loc":{"start":{"line":96,"column":25},"end":{"line":102,"column":3}},"line":96},"20":{"name":"replyMessageData","decl":{"start":{"line":107,"column":16},"end":{"line":107,"column":32}},"loc":{"start":{"line":107,"column":59},"end":{"line":124,"column":1}},"line":107},"21":{"name":"(anonymous_21)","decl":{"start":{"line":108,"column":8},"end":{"line":108,"column":9}},"loc":{"start":{"line":108,"column":27},"end":{"line":123,"column":2}},"line":108},"22":{"name":"(anonymous_22)","decl":{"start":{"line":109,"column":18},"end":{"line":109,"column":19}},"loc":{"start":{"line":109,"column":30},"end":{"line":114,"column":3}},"line":109},"23":{"name":"(anonymous_23)","decl":{"start":{"line":115,"column":16},"end":{"line":115,"column":17}},"loc":{"start":{"line":115,"column":25},"end":{"line":121,"column":3}},"line":115},"24":{"name":"updateMessageData","decl":{"start":{"line":126,"column":16},"end":{"line":126,"column":33}},"loc":{"start":{"line":126,"column":59},"end":{"line":143,"column":1}},"line":126},"25":{"name":"(anonymous_25)","decl":{"start":{"line":127,"column":8},"end":{"line":127,"column":9}},"loc":{"start":{"line":127,"column":27},"end":{"line":142,"column":2}},"line":127},"26":{"name":"(anonymous_26)","decl":{"start":{"line":128,"column":18},"end":{"line":128,"column":19}},"loc":{"start":{"line":128,"column":24},"end":{"line":133,"column":3}},"line":128},"27":{"name":"(anonymous_27)","decl":{"start":{"line":134,"column":16},"end":{"line":134,"column":17}},"loc":{"start":{"line":134,"column":25},"end":{"line":140,"column":3}},"line":134},"28":{"name":"setViewMessageDetail","decl":{"start":{"line":144,"column":16},"end":{"line":144,"column":36}},"loc":{"start":{"line":144,"column":52},"end":{"line":152,"column":1}},"line":144},"29":{"name":"(anonymous_29)","decl":{"start":{"line":145,"column":8},"end":{"line":145,"column":9}},"loc":{"start":{"line":145,"column":27},"end":{"line":151,"column":2}},"line":145},"30":{"name":"delMessageData","decl":{"start":{"line":154,"column":16},"end":{"line":154,"column":30}},"loc":{"start":{"line":154,"column":56},"end":{"line":171,"column":1}},"line":154},"31":{"name":"(anonymous_31)","decl":{"start":{"line":155,"column":8},"end":{"line":155,"column":9}},"loc":{"start":{"line":155,"column":27},"end":{"line":170,"column":2}},"line":155},"32":{"name":"(anonymous_32)","decl":{"start":{"line":156,"column":18},"end":{"line":156,"column":19}},"loc":{"start":{"line":156,"column":24},"end":{"line":161,"column":3}},"line":156},"33":{"name":"(anonymous_33)","decl":{"start":{"line":162,"column":16},"end":{"line":162,"column":17}},"loc":{"start":{"line":162,"column":25},"end":{"line":168,"column":3}},"line":162},"34":{"name":"sendMessageForAccessibiltiy","decl":{"start":{"line":173,"column":16},"end":{"line":173,"column":43}},"loc":{"start":{"line":173,"column":53},"end":{"line":181,"column":1}},"line":173},"35":{"name":"(anonymous_35)","decl":{"start":{"line":174,"column":8},"end":{"line":174,"column":9}},"loc":{"start":{"line":174,"column":27},"end":{"line":180,"column":2}},"line":174},"36":{"name":"popupState","decl":{"start":{"line":183,"column":16},"end":{"line":183,"column":26}},"loc":{"start":{"line":183,"column":29},"end":{"line":190,"column":1}},"line":183},"37":{"name":"(anonymous_37)","decl":{"start":{"line":184,"column":8},"end":{"line":184,"column":9}},"loc":{"start":{"line":184,"column":27},"end":{"line":189,"column":2}},"line":184},"38":{"name":"closeDelModal","decl":{"start":{"line":192,"column":16},"end":{"line":192,"column":29}},"loc":{"start":{"line":192,"column":32},"end":{"line":199,"column":1}},"line":192},"39":{"name":"(anonymous_39)","decl":{"start":{"line":193,"column":8},"end":{"line":193,"column":9}},"loc":{"start":{"line":193,"column":27},"end":{"line":198,"column":2}},"line":193}},"branchMap":{"0":{"loc":{"start":{"line":13,"column":21},"end":{"line":13,"column":60}},"type":"cond-expr","locations":[{"start":{"line":13,"column":32},"end":{"line":13,"column":55}},{"start":{"line":13,"column":58},"end":{"line":13,"column":60}}],"line":13}},"s":{"0":0,"1":0,"2":0,"3":0,"4":0,"5":0,"6":0,"7":0,"8":0,"9":0,"10":0,"11":0,"12":0,"13":0,"14":0,"15":0,"16":0,"17":0,"18":0,"19":0,"20":0,"21":0,"22":0,"23":0,"24":0,"25":0,"26":0,"27":0,"28":0,"29":0,"30":0,"31":0,"32":0,"33":0,"34":0,"35":0,"36":0,"37":0,"38":0,"39":0,"40":0,"41":0,"42":0,"43":0,"44":0,"45":0,"46":0,"47":0,"48":0,"49":0,"50":0,"51":0,"52":0,"53":0,"54":0,"55":0,"56":0,"57":0,"58":0,"59":0,"60":0,"61":0,"62":0,"63":0,"64":0,"65":0,"66":0,"67":0,"68":0,"69":0,"70":0,"71":0,"72":0,"73":0,"74":0,"75":0,"76":0,"77":0,"78":0},"f":{"0":0,"1":0,"2":0,"3":0,"4":0,"5":0,"6":0,"7":0,"8":0,"9":0,"10":0,"11":0,"12":0,"13":0,"14":0,"15":0,"16":0,"17":0,"18":0,"19":0,"20":0,"21":0,"22":0,"23":0,"24":0,"25":0,"26":0,"27":0,"28":0,"29":0,"30":0,"31":0,"32":0,"33":0,"34":0,"35":0,"36":0,"37":0,"38":0,"39":0},"b":{"0":[0,0]},"_coverageSchema":"332fd63041d2c1bcb487cc26dd0d5f7d97098a6c","hash":"8f52b1662d41a97d1b1f2b816b195e0aae820b5c"}
,"/Users/admin/Documents/secure-message/secure-message-webapp/src/js/api/ApiUtils.js": {"path":"/Users/admin/Documents/secure-message/secure-message-webapp/src/js/api/ApiUtils.js","statementMap":{"0":{"start":{"line":3,"column":18},"end":{"line":7,"column":1}},"1":{"start":{"line":9,"column":23},"end":{"line":13,"column":1}},"2":{"start":{"line":17,"column":4},"end":{"line":17,"column":69}},"3":{"start":{"line":18,"column":4},"end":{"line":18,"column":57}},"4":{"start":{"line":19,"column":4},"end":{"line":56,"column":5}},"5":{"start":{"line":21,"column":8},"end":{"line":28,"column":13}},"6":{"start":{"line":24,"column":12},"end":{"line":24,"column":37}},"7":{"start":{"line":27,"column":12},"end":{"line":27,"column":26}},"8":{"start":{"line":30,"column":8},"end":{"line":37,"column":13}},"9":{"start":{"line":33,"column":12},"end":{"line":33,"column":32}},"10":{"start":{"line":36,"column":12},"end":{"line":36,"column":26}},"11":{"start":{"line":39,"column":8},"end":{"line":46,"column":13}},"12":{"start":{"line":42,"column":12},"end":{"line":42,"column":32}},"13":{"start":{"line":45,"column":12},"end":{"line":45,"column":26}},"14":{"start":{"line":48,"column":8},"end":{"line":55,"column":13}},"15":{"start":{"line":51,"column":12},"end":{"line":51,"column":37}},"16":{"start":{"line":54,"column":12},"end":{"line":54,"column":26}}},"fnMap":{"0":{"name":"(anonymous_0)","decl":{"start":{"line":16,"column":2},"end":{"line":16,"column":3}},"loc":{"start":{"line":16,"column":49},"end":{"line":57,"column":3}},"line":16},"1":{"name":"(anonymous_1)","decl":{"start":{"line":23,"column":16},"end":{"line":23,"column":17}},"loc":{"start":{"line":23,"column":28},"end":{"line":25,"column":11}},"line":23},"2":{"name":"(anonymous_2)","decl":{"start":{"line":26,"column":17},"end":{"line":26,"column":18}},"loc":{"start":{"line":26,"column":26},"end":{"line":28,"column":11}},"line":26},"3":{"name":"(anonymous_3)","decl":{"start":{"line":32,"column":16},"end":{"line":32,"column":17}},"loc":{"start":{"line":32,"column":28},"end":{"line":34,"column":11}},"line":32},"4":{"name":"(anonymous_4)","decl":{"start":{"line":35,"column":17},"end":{"line":35,"column":18}},"loc":{"start":{"line":35,"column":26},"end":{"line":37,"column":11}},"line":35},"5":{"name":"(anonymous_5)","decl":{"start":{"line":41,"column":16},"end":{"line":41,"column":17}},"loc":{"start":{"line":41,"column":28},"end":{"line":43,"column":11}},"line":41},"6":{"name":"(anonymous_6)","decl":{"start":{"line":44,"column":17},"end":{"line":44,"column":18}},"loc":{"start":{"line":44,"column":26},"end":{"line":46,"column":11}},"line":44},"7":{"name":"(anonymous_7)","decl":{"start":{"line":50,"column":16},"end":{"line":50,"column":17}},"loc":{"start":{"line":50,"column":28},"end":{"line":52,"column":11}},"line":50},"8":{"name":"(anonymous_8)","decl":{"start":{"line":53,"column":17},"end":{"line":53,"column":18}},"loc":{"start":{"line":53,"column":26},"end":{"line":55,"column":11}},"line":53}},"branchMap":{"0":{"loc":{"start":{"line":19,"column":4},"end":{"line":56,"column":5}},"type":"switch","locations":[{"start":{"line":20,"column":6},"end":{"line":28,"column":13}},{"start":{"line":29,"column":6},"end":{"line":37,"column":13}},{"start":{"line":38,"column":6},"end":{"line":46,"column":13}},{"start":{"line":47,"column":6},"end":{"line":55,"column":13}}],"line":19}},"s":{"0":4,"1":4,"2":0,"3":0,"4":0,"5":0,"6":0,"7":0,"8":0,"9":0,"10":0,"11":0,"12":0,"13":0,"14":0,"15":0,"16":0},"f":{"0":0,"1":0,"2":0,"3":0,"4":0,"5":0,"6":0,"7":0,"8":0},"b":{"0":[0,0,0,0]},"_coverageSchema":"332fd63041d2c1bcb487cc26dd0d5f7d97098a6c","hash":"ce03a34a6a01b8e892395360f35226be658d5339"}
,"/Users/admin/Documents/secure-message/secure-message-webapp/src/js/api/AppApi.js": {"path":"/Users/admin/Documents/secure-message/secure-message-webapp/src/js/api/AppApi.js","statementMap":{"0":{"start":{"line":7,"column":31},"end":{"line":7,"column":64}},"1":{"start":{"line":8,"column":31},"end":{"line":8,"column":73}},"2":{"start":{"line":9,"column":24},"end":{"line":9,"column":59}},"3":{"start":{"line":10,"column":24},"end":{"line":10,"column":70}},"4":{"start":{"line":14,"column":2},"end":{"line":14,"column":145}},"5":{"start":{"line":18,"column":2},"end":{"line":18,"column":145}},"6":{"start":{"line":22,"column":2},"end":{"line":22,"column":138}},"7":{"start":{"line":26,"column":18},"end":{"line":26,"column":49}},"8":{"start":{"line":27,"column":2},"end":{"line":27,"column":168}},"9":{"start":{"line":31,"column":18},"end":{"line":31,"column":56}},"10":{"start":{"line":32,"column":2},"end":{"line":32,"column":168}},"11":{"start":{"line":36,"column":20},"end":{"line":36,"column":72}},"12":{"start":{"line":37,"column":14},"end":{"line":37,"column":51}},"13":{"start":{"line":39,"column":2},"end":{"line":53,"column":3}},"14":{"start":{"line":41,"column":4},"end":{"line":41,"column":53}},"15":{"start":{"line":42,"column":4},"end":{"line":42,"column":10}},"16":{"start":{"line":44,"column":4},"end":{"line":44,"column":53}},"17":{"start":{"line":45,"column":4},"end":{"line":45,"column":10}},"18":{"start":{"line":47,"column":4},"end":{"line":47,"column":53}},"19":{"start":{"line":48,"column":4},"end":{"line":48,"column":10}},"20":{"start":{"line":50,"column":4},"end":{"line":50,"column":53}},"21":{"start":{"line":51,"column":4},"end":{"line":51,"column":10}},"22":{"start":{"line":54,"column":2},"end":{"line":54,"column":106}}},"fnMap":{"0":{"name":"(anonymous_0)","decl":{"start":{"line":13,"column":1},"end":{"line":13,"column":2}},"loc":{"start":{"line":13,"column":44},"end":{"line":15,"column":2}},"line":13},"1":{"name":"(anonymous_1)","decl":{"start":{"line":17,"column":1},"end":{"line":17,"column":2}},"loc":{"start":{"line":17,"column":36},"end":{"line":19,"column":2}},"line":17},"2":{"name":"(anonymous_2)","decl":{"start":{"line":21,"column":1},"end":{"line":21,"column":2}},"loc":{"start":{"line":21,"column":36},"end":{"line":23,"column":2}},"line":21},"3":{"name":"(anonymous_3)","decl":{"start":{"line":25,"column":1},"end":{"line":25,"column":2}},"loc":{"start":{"line":25,"column":61},"end":{"line":28,"column":2}},"line":25},"4":{"name":"(anonymous_4)","decl":{"start":{"line":30,"column":1},"end":{"line":30,"column":2}},"loc":{"start":{"line":30,"column":67},"end":{"line":33,"column":2}},"line":30},"5":{"name":"(anonymous_5)","decl":{"start":{"line":35,"column":1},"end":{"line":35,"column":2}},"loc":{"start":{"line":35,"column":67},"end":{"line":55,"column":2}},"line":35}},"branchMap":{"0":{"loc":{"start":{"line":39,"column":2},"end":{"line":53,"column":3}},"type":"switch","locations":[{"start":{"line":40,"column":3},"end":{"line":42,"column":10}},{"start":{"line":43,"column":3},"end":{"line":45,"column":10}},{"start":{"line":46,"column":3},"end":{"line":48,"column":10}},{"start":{"line":49,"column":3},"end":{"line":51,"column":10}},{"start":{"line":52,"column":3},"end":{"line":52,"column":11}}],"line":39}},"s":{"0":4,"1":4,"2":4,"3":4,"4":0,"5":0,"6":0,"7":0,"8":0,"9":0,"10":0,"11":0,"12":0,"13":0,"14":0,"15":0,"16":0,"17":0,"18":0,"19":0,"20":0,"21":0,"22":0},"f":{"0":0,"1":0,"2":0,"3":0,"4":0,"5":0},"b":{"0":[0,0,0,0,0]},"_coverageSchema":"332fd63041d2c1bcb487cc26dd0d5f7d97098a6c","hash":"65e8238fc3df211c2d9acf7972995ec687c40d79"}
,"/Users/admin/Documents/secure-message/secure-message-webapp/src/js/bl/SecureMessageBL.js": {"path":"/Users/admin/Documents/secure-message/secure-message-webapp/src/js/bl/SecureMessageBL.js","statementMap":{"0":{"start":{"line":11,"column":23},"end":{"line":11,"column":25}},"1":{"start":{"line":12,"column":22},"end":{"line":12,"column":24}},"2":{"start":{"line":13,"column":23},"end":{"line":13,"column":25}},"3":{"start":{"line":14,"column":1},"end":{"line":29,"column":4}},"4":{"start":{"line":15,"column":2},"end":{"line":28,"column":3}},"5":{"start":{"line":18,"column":4},"end":{"line":18,"column":32}},"6":{"start":{"line":19,"column":4},"end":{"line":19,"column":10}},"7":{"start":{"line":21,"column":4},"end":{"line":21,"column":32}},"8":{"start":{"line":22,"column":4},"end":{"line":22,"column":10}},"9":{"start":{"line":25,"column":4},"end":{"line":25,"column":31}},"10":{"start":{"line":26,"column":4},"end":{"line":26,"column":10}},"11":{"start":{"line":30,"column":1},"end":{"line":30,"column":55}},"12":{"start":{"line":39,"column":1},"end":{"line":39,"column":185}},"13":{"start":{"line":39,"column":35},"end":{"line":39,"column":183}},"14":{"start":{"line":44,"column":1},"end":{"line":51,"column":2}},"15":{"start":{"line":45,"column":2},"end":{"line":50,"column":5}},"16":{"start":{"line":46,"column":3},"end":{"line":49,"column":4}},"17":{"start":{"line":47,"column":17},"end":{"line":47,"column":53}},"18":{"start":{"line":48,"column":4},"end":{"line":48,"column":16}},"19":{"start":{"line":52,"column":1},"end":{"line":52,"column":30}}},"fnMap":{"0":{"name":"SecureMessageBL","decl":{"start":{"line":10,"column":16},"end":{"line":10,"column":31}},"loc":{"start":{"line":10,"column":42},"end":{"line":31,"column":1}},"line":10},"1":{"name":"(anonymous_1)","decl":{"start":{"line":14,"column":26},"end":{"line":14,"column":27}},"loc":{"start":{"line":14,"column":37},"end":{"line":29,"column":2}},"line":14},"2":{"name":"getThreadsBL","decl":{"start":{"line":37,"column":16},"end":{"line":37,"column":28}},"loc":{"start":{"line":37,"column":55},"end":{"line":40,"column":1}},"line":37},"3":{"name":"(anonymous_3)","decl":{"start":{"line":39,"column":24},"end":{"line":39,"column":25}},"loc":{"start":{"line":39,"column":35},"end":{"line":39,"column":183}},"line":39},"4":{"name":"getAccountName","decl":{"start":{"line":43,"column":16},"end":{"line":43,"column":30}},"loc":{"start":{"line":43,"column":48},"end":{"line":53,"column":1}},"line":43},"5":{"name":"(anonymous_5)","decl":{"start":{"line":45,"column":38},"end":{"line":45,"column":39}},"loc":{"start":{"line":45,"column":49},"end":{"line":50,"column":3}},"line":45}},"branchMap":{"0":{"loc":{"start":{"line":15,"column":2},"end":{"line":28,"column":3}},"type":"switch","locations":[{"start":{"line":16,"column":3},"end":{"line":16,"column":12}},{"start":{"line":17,"column":3},"end":{"line":19,"column":10}},{"start":{"line":20,"column":3},"end":{"line":22,"column":10}},{"start":{"line":23,"column":3},"end":{"line":23,"column":16}},{"start":{"line":24,"column":3},"end":{"line":26,"column":10}},{"start":{"line":27,"column":3},"end":{"line":27,"column":11}}],"line":15},"1":{"loc":{"start":{"line":39,"column":35},"end":{"line":39,"column":183}},"type":"binary-expr","locations":[{"start":{"line":39,"column":35},"end":{"line":39,"column":79}},{"start":{"line":39,"column":83},"end":{"line":39,"column":183}}],"line":39},"2":{"loc":{"start":{"line":44,"column":1},"end":{"line":51,"column":2}},"type":"if","locations":[{"start":{"line":44,"column":1},"end":{"line":51,"column":2}},{"start":{"line":44,"column":1},"end":{"line":51,"column":2}}],"line":44},"3":{"loc":{"start":{"line":46,"column":3},"end":{"line":49,"column":4}},"type":"if","locations":[{"start":{"line":46,"column":3},"end":{"line":49,"column":4}},{"start":{"line":46,"column":3},"end":{"line":49,"column":4}}],"line":46},"4":{"loc":{"start":{"line":47,"column":17},"end":{"line":47,"column":53}},"type":"binary-expr","locations":[{"start":{"line":47,"column":17},"end":{"line":47,"column":37}},{"start":{"line":47,"column":41},"end":{"line":47,"column":53}}],"line":47}},"s":{"0":1,"1":1,"2":1,"3":1,"4":5,"5":2,"6":2,"7":1,"8":1,"9":2,"10":2,"11":1,"12":2,"13":10,"14":0,"15":0,"16":0,"17":0,"18":0,"19":0},"f":{"0":1,"1":5,"2":2,"3":10,"4":0,"5":0},"b":{"0":[1,2,1,1,2,0],"1":[10,5],"2":[0,0],"3":[0,0],"4":[0,0]},"_coverageSchema":"332fd63041d2c1bcb487cc26dd0d5f7d97098a6c","hash":"5c3b8e7207e977f1b0217c618f832d3958309fe4"}
,"/Users/admin/Documents/secure-message/secure-message-webapp/src/js/components/common/CalloutComponent.js": {"path":"/Users/admin/Documents/secure-message/secure-message-webapp/src/js/components/common/CalloutComponent.js","statementMap":{"0":{"start":{"line":7,"column":2},"end":{"line":11,"column":4}},"1":{"start":{"line":14,"column":0},"end":{"line":19,"column":1}},"2":{"start":{"line":20,"column":0},"end":{"line":24,"column":1}}},"fnMap":{"0":{"name":"(anonymous_0)","decl":{"start":{"line":6,"column":1},"end":{"line":6,"column":2}},"loc":{"start":{"line":6,"column":10},"end":{"line":12,"column":2}},"line":6}},"branchMap":{},"s":{"0":2,"1":2,"2":2},"f":{"0":2},"b":{},"_coverageSchema":"332fd63041d2c1bcb487cc26dd0d5f7d97098a6c","hash":"5aba490431b9d66c5b0fcf1c918a5b6703c30974"}
,"/Users/admin/Documents/secure-message/secure-message-webapp/src/js/components/common/DropDownComponent.js": {"path":"/Users/admin/Documents/secure-message/secure-message-webapp/src/js/components/common/DropDownComponent.js","statementMap":{"0":{"start":{"line":12,"column":2},"end":{"line":12,"column":15}},"1":{"start":{"line":13,"column":2},"end":{"line":13,"column":55}},"2":{"start":{"line":14,"column":2},"end":{"line":14,"column":51}},"3":{"start":{"line":15,"column":2},"end":{"line":15,"column":43}},"4":{"start":{"line":16,"column":2},"end":{"line":16,"column":61}},"5":{"start":{"line":17,"column":2},"end":{"line":17,"column":39}},"6":{"start":{"line":18,"column":2},"end":{"line":18,"column":61}},"7":{"start":{"line":19,"column":2},"end":{"line":19,"column":59}},"8":{"start":{"line":20,"column":2},"end":{"line":24,"column":4}},"9":{"start":{"line":27,"column":2},"end":{"line":27,"column":44}},"10":{"start":{"line":30,"column":2},"end":{"line":30,"column":36}},"11":{"start":{"line":33,"column":2},"end":{"line":35,"column":5}},"12":{"start":{"line":38,"column":2},"end":{"line":41,"column":5}},"13":{"start":{"line":42,"column":2},"end":{"line":42,"column":76}},"14":{"start":{"line":45,"column":2},"end":{"line":45,"column":43}},"15":{"start":{"line":48,"column":2},"end":{"line":48,"column":36}},"16":{"start":{"line":49,"column":2},"end":{"line":49,"column":18}},"17":{"start":{"line":52,"column":22},"end":{"line":52,"column":32}},"18":{"start":{"line":53,"column":23},"end":{"line":56,"column":8}},"19":{"start":{"line":57,"column":25},"end":{"line":59,"column":8}},"20":{"start":{"line":60,"column":2},"end":{"line":72,"column":4}},"21":{"start":{"line":75,"column":40},"end":{"line":75,"column":50}},"22":{"start":{"line":76,"column":2},"end":{"line":79,"column":3}},"23":{"start":{"line":77,"column":3},"end":{"line":77,"column":34}},"24":{"start":{"line":78,"column":3},"end":{"line":78,"column":43}},"25":{"start":{"line":80,"column":2},"end":{"line":84,"column":3}},"26":{"start":{"line":81,"column":3},"end":{"line":81,"column":33}},"27":{"start":{"line":83,"column":3},"end":{"line":83,"column":34}},"28":{"start":{"line":87,"column":2},"end":{"line":89,"column":5}},"29":{"start":{"line":92,"column":91},"end":{"line":92,"column":101}},"30":{"start":{"line":93,"column":32},"end":{"line":93,"column":50}},"31":{"start":{"line":94,"column":16},"end":{"line":94,"column":18}},"32":{"start":{"line":95,"column":2},"end":{"line":124,"column":3}},"33":{"start":{"line":97,"column":4},"end":{"line":97,"column":212}},"34":{"start":{"line":97,"column":136},"end":{"line":97,"column":184}},"35":{"start":{"line":98,"column":4},"end":{"line":102,"column":7}},"36":{"start":{"line":99,"column":18},"end":{"line":99,"column":87}},"37":{"start":{"line":100,"column":5},"end":{"line":101,"column":7}},"38":{"start":{"line":100,"column":120},"end":{"line":100,"column":160}},"39":{"start":{"line":103,"column":4},"end":{"line":103,"column":10}},"40":{"start":{"line":105,"column":4},"end":{"line":107,"column":14}},"41":{"start":{"line":106,"column":5},"end":{"line":106,"column":174}},"42":{"start":{"line":106,"column":101},"end":{"line":106,"column":150}},"43":{"start":{"line":108,"column":4},"end":{"line":108,"column":10}},"44":{"start":{"line":110,"column":4},"end":{"line":110,"column":212}},"45":{"start":{"line":110,"column":136},"end":{"line":110,"column":184}},"46":{"start":{"line":111,"column":4},"end":{"line":115,"column":7}},"47":{"start":{"line":112,"column":18},"end":{"line":112,"column":87}},"48":{"start":{"line":113,"column":5},"end":{"line":114,"column":7}},"49":{"start":{"line":113,"column":120},"end":{"line":113,"column":160}},"50":{"start":{"line":116,"column":4},"end":{"line":116,"column":10}},"51":{"start":{"line":118,"column":4},"end":{"line":121,"column":7}},"52":{"start":{"line":119,"column":5},"end":{"line":120,"column":7}},"53":{"start":{"line":119,"column":101},"end":{"line":119,"column":150}},"54":{"start":{"line":122,"column":4},"end":{"line":122,"column":10}},"55":{"start":{"line":125,"column":2},"end":{"line":125,"column":15}},"56":{"start":{"line":128,"column":91},"end":{"line":128,"column":101}},"57":{"start":{"line":129,"column":28},"end":{"line":129,"column":38}},"58":{"start":{"line":130,"column":27},"end":{"line":133,"column":4}},"59":{"start":{"line":134,"column":2},"end":{"line":145,"column":4}},"60":{"start":{"line":153,"column":17},"end":{"line":156,"column":2}},"61":{"start":{"line":153,"column":27},"end":{"line":156,"column":1}}},"fnMap":{"0":{"name":"(anonymous_0)","decl":{"start":{"line":11,"column":1},"end":{"line":11,"column":2}},"loc":{"start":{"line":11,"column":20},"end":{"line":25,"column":2}},"line":11},"1":{"name":"(anonymous_1)","decl":{"start":{"line":26,"column":1},"end":{"line":26,"column":2}},"loc":{"start":{"line":26,"column":22},"end":{"line":28,"column":2}},"line":26},"2":{"name":"(anonymous_2)","decl":{"start":{"line":29,"column":1},"end":{"line":29,"column":2}},"loc":{"start":{"line":29,"column":21},"end":{"line":31,"column":2}},"line":29},"3":{"name":"(anonymous_3)","decl":{"start":{"line":32,"column":1},"end":{"line":32,"column":2}},"loc":{"start":{"line":32,"column":10},"end":{"line":36,"column":2}},"line":32},"4":{"name":"(anonymous_4)","decl":{"start":{"line":37,"column":1},"end":{"line":37,"column":2}},"loc":{"start":{"line":37,"column":40},"end":{"line":43,"column":2}},"line":37},"5":{"name":"(anonymous_5)","decl":{"start":{"line":44,"column":1},"end":{"line":44,"column":2}},"loc":{"start":{"line":44,"column":21},"end":{"line":46,"column":2}},"line":44},"6":{"name":"(anonymous_6)","decl":{"start":{"line":47,"column":1},"end":{"line":47,"column":2}},"loc":{"start":{"line":47,"column":20},"end":{"line":50,"column":2}},"line":47},"7":{"name":"(anonymous_7)","decl":{"start":{"line":51,"column":1},"end":{"line":51,"column":2}},"loc":{"start":{"line":51,"column":20},"end":{"line":73,"column":2}},"line":51},"8":{"name":"(anonymous_8)","decl":{"start":{"line":74,"column":1},"end":{"line":74,"column":2}},"loc":{"start":{"line":74,"column":12},"end":{"line":85,"column":2}},"line":74},"9":{"name":"(anonymous_9)","decl":{"start":{"line":86,"column":1},"end":{"line":86,"column":2}},"loc":{"start":{"line":86,"column":16},"end":{"line":90,"column":2}},"line":86},"10":{"name":"(anonymous_10)","decl":{"start":{"line":91,"column":1},"end":{"line":91,"column":2}},"loc":{"start":{"line":91,"column":18},"end":{"line":126,"column":2}},"line":91},"11":{"name":"(anonymous_11)","decl":{"start":{"line":97,"column":131},"end":{"line":97,"column":132}},"loc":{"start":{"line":97,"column":136},"end":{"line":97,"column":184}},"line":97},"12":{"name":"(anonymous_12)","decl":{"start":{"line":98,"column":29},"end":{"line":98,"column":30}},"loc":{"start":{"line":98,"column":40},"end":{"line":102,"column":5}},"line":98},"13":{"name":"(anonymous_13)","decl":{"start":{"line":100,"column":115},"end":{"line":100,"column":116}},"loc":{"start":{"line":100,"column":120},"end":{"line":100,"column":160}},"line":100},"14":{"name":"(anonymous_14)","decl":{"start":{"line":105,"column":29},"end":{"line":105,"column":30}},"loc":{"start":{"line":105,"column":40},"end":{"line":107,"column":5}},"line":105},"15":{"name":"(anonymous_15)","decl":{"start":{"line":106,"column":96},"end":{"line":106,"column":97}},"loc":{"start":{"line":106,"column":101},"end":{"line":106,"column":150}},"line":106},"16":{"name":"(anonymous_16)","decl":{"start":{"line":110,"column":131},"end":{"line":110,"column":132}},"loc":{"start":{"line":110,"column":136},"end":{"line":110,"column":184}},"line":110},"17":{"name":"(anonymous_17)","decl":{"start":{"line":111,"column":36},"end":{"line":111,"column":37}},"loc":{"start":{"line":111,"column":47},"end":{"line":115,"column":5}},"line":111},"18":{"name":"(anonymous_18)","decl":{"start":{"line":113,"column":115},"end":{"line":113,"column":116}},"loc":{"start":{"line":113,"column":120},"end":{"line":113,"column":160}},"line":113},"19":{"name":"(anonymous_19)","decl":{"start":{"line":118,"column":36},"end":{"line":118,"column":37}},"loc":{"start":{"line":118,"column":47},"end":{"line":121,"column":5}},"line":118},"20":{"name":"(anonymous_20)","decl":{"start":{"line":119,"column":96},"end":{"line":119,"column":97}},"loc":{"start":{"line":119,"column":101},"end":{"line":119,"column":150}},"line":119},"21":{"name":"(anonymous_21)","decl":{"start":{"line":127,"column":1},"end":{"line":127,"column":2}},"loc":{"start":{"line":127,"column":10},"end":{"line":146,"column":2}},"line":127},"22":{"name":"(anonymous_22)","decl":{"start":{"line":153,"column":17},"end":{"line":153,"column":18}},"loc":{"start":{"line":153,"column":27},"end":{"line":156,"column":1}},"line":153}},"branchMap":{"0":{"loc":{"start":{"line":76,"column":2},"end":{"line":79,"column":3}},"type":"if","locations":[{"start":{"line":76,"column":2},"end":{"line":79,"column":3}},{"start":{"line":76,"column":2},"end":{"line":79,"column":3}}],"line":76},"1":{"loc":{"start":{"line":80,"column":2},"end":{"line":84,"column":3}},"type":"if","locations":[{"start":{"line":80,"column":2},"end":{"line":84,"column":3}},{"start":{"line":80,"column":2},"end":{"line":84,"column":3}}],"line":80},"2":{"loc":{"start":{"line":95,"column":2},"end":{"line":124,"column":3}},"type":"switch","locations":[{"start":{"line":96,"column":3},"end":{"line":103,"column":10}},{"start":{"line":104,"column":3},"end":{"line":108,"column":10}},{"start":{"line":109,"column":3},"end":{"line":116,"column":10}},{"start":{"line":117,"column":3},"end":{"line":122,"column":10}},{"start":{"line":123,"column":3},"end":{"line":123,"column":11}}],"line":95},"3":{"loc":{"start":{"line":96,"column":9},"end":{"line":96,"column":49}},"type":"binary-expr","locations":[{"start":{"line":96,"column":9},"end":{"line":96,"column":28}},{"start":{"line":96,"column":32},"end":{"line":96,"column":49}}],"line":96},"4":{"loc":{"start":{"line":99,"column":18},"end":{"line":99,"column":87}},"type":"cond-expr","locations":[{"start":{"line":99,"column":52},"end":{"line":99,"column":72}},{"start":{"line":99,"column":75},"end":{"line":99,"column":87}}],"line":99},"5":{"loc":{"start":{"line":104,"column":9},"end":{"line":104,"column":49}},"type":"binary-expr","locations":[{"start":{"line":104,"column":9},"end":{"line":104,"column":28}},{"start":{"line":104,"column":32},"end":{"line":104,"column":49}}],"line":104},"6":{"loc":{"start":{"line":109,"column":9},"end":{"line":109,"column":48}},"type":"binary-expr","locations":[{"start":{"line":109,"column":9},"end":{"line":109,"column":27}},{"start":{"line":109,"column":31},"end":{"line":109,"column":48}}],"line":109},"7":{"loc":{"start":{"line":112,"column":18},"end":{"line":112,"column":87}},"type":"cond-expr","locations":[{"start":{"line":112,"column":52},"end":{"line":112,"column":72}},{"start":{"line":112,"column":75},"end":{"line":112,"column":87}}],"line":112},"8":{"loc":{"start":{"line":117,"column":9},"end":{"line":117,"column":48}},"type":"binary-expr","locations":[{"start":{"line":117,"column":9},"end":{"line":117,"column":27}},{"start":{"line":117,"column":31},"end":{"line":117,"column":48}}],"line":117},"9":{"loc":{"start":{"line":138,"column":6},"end":{"line":138,"column":92}},"type":"binary-expr","locations":[{"start":{"line":138,"column":6},"end":{"line":138,"column":10}},{"start":{"line":138,"column":14},"end":{"line":138,"column":92}}],"line":138},"10":{"loc":{"start":{"line":139,"column":6},"end":{"line":139,"column":113}},"type":"binary-expr","locations":[{"start":{"line":139,"column":6},"end":{"line":139,"column":10}},{"start":{"line":139,"column":14},"end":{"line":139,"column":113}}],"line":139},"11":{"loc":{"start":{"line":141,"column":5},"end":{"line":141,"column":131}},"type":"cond-expr","locations":[{"start":{"line":141,"column":24},"end":{"line":141,"column":126}},{"start":{"line":141,"column":129},"end":{"line":141,"column":131}}],"line":141},"12":{"loc":{"start":{"line":142,"column":5},"end":{"line":142,"column":131}},"type":"cond-expr","locations":[{"start":{"line":142,"column":24},"end":{"line":142,"column":126}},{"start":{"line":142,"column":129},"end":{"line":142,"column":131}}],"line":142},"13":{"loc":{"start":{"line":143,"column":5},"end":{"line":143,"column":101}},"type":"cond-expr","locations":[{"start":{"line":143,"column":73},"end":{"line":143,"column":96}},{"start":{"line":143,"column":99},"end":{"line":143,"column":101}}],"line":143},"14":{"loc":{"start":{"line":143,"column":5},"end":{"line":143,"column":70}},"type":"binary-expr","locations":[{"start":{"line":143,"column":5},"end":{"line":143,"column":26}},{"start":{"line":143,"column":30},"end":{"line":143,"column":44}},{"start":{"line":143,"column":48},"end":{"line":143,"column":70}}],"line":143}},"s":{"0":0,"1":0,"2":0,"3":0,"4":0,"5":0,"6":0,"7":0,"8":0,"9":0,"10":0,"11":0,"12":0,"13":0,"14":0,"15":0,"16":0,"17":0,"18":0,"19":0,"20":0,"21":0,"22":0,"23":0,"24":0,"25":0,"26":0,"27":0,"28":0,"29":0,"30":0,"31":0,"32":0,"33":0,"34":0,"35":0,"36":0,"37":0,"38":0,"39":0,"40":0,"41":0,"42":0,"43":0,"44":0,"45":0,"46":0,"47":0,"48":0,"49":0,"50":0,"51":0,"52":0,"53":0,"54":0,"55":0,"56":0,"57":0,"58":0,"59":0,"60":1,"61":0},"f":{"0":0,"1":0,"2":0,"3":0,"4":0,"5":0,"6":0,"7":0,"8":0,"9":0,"10":0,"11":0,"12":0,"13":0,"14":0,"15":0,"16":0,"17":0,"18":0,"19":0,"20":0,"21":0,"22":0},"b":{"0":[0,0],"1":[0,0],"2":[0,0,0,0,0],"3":[0,0],"4":[0,0],"5":[0,0],"6":[0,0],"7":[0,0],"8":[0,0],"9":[0,0],"10":[0,0],"11":[0,0],"12":[0,0],"13":[0,0],"14":[0,0,0]},"_coverageSchema":"332fd63041d2c1bcb487cc26dd0d5f7d97098a6c","hash":"7c5ad3ace9e833ab73ce8a0ba80ecbea7735586a"}
,"/Users/admin/Documents/secure-message/secure-message-webapp/src/js/components/common/GetIcon.js": {"path":"/Users/admin/Documents/secure-message/secure-message-webapp/src/js/components/common/GetIcon.js","statementMap":{"0":{"start":{"line":7,"column":8},"end":{"line":11,"column":10}}},"fnMap":{"0":{"name":"(anonymous_0)","decl":{"start":{"line":6,"column":4},"end":{"line":6,"column":5}},"loc":{"start":{"line":6,"column":13},"end":{"line":12,"column":5}},"line":6}},"branchMap":{"0":{"loc":{"start":{"line":8,"column":88},"end":{"line":8,"column":132}},"type":"cond-expr","locations":[{"start":{"line":8,"column":107},"end":{"line":8,"column":123}},{"start":{"line":8,"column":126},"end":{"line":8,"column":132}}],"line":8},"1":{"loc":{"start":{"line":8,"column":142},"end":{"line":8,"column":188}},"type":"cond-expr","locations":[{"start":{"line":8,"column":162},"end":{"line":8,"column":179}},{"start":{"line":8,"column":182},"end":{"line":8,"column":188}}],"line":8}},"s":{"0":3},"f":{"0":3},"b":{"0":[2,1],"1":[2,1]},"_coverageSchema":"332fd63041d2c1bcb487cc26dd0d5f7d97098a6c","hash":"7c39d57e40c8176b5c3034681b77fd95db9aa015"}
,"/Users/admin/Documents/secure-message/secure-message-webapp/src/js/components/common/ModalComponent.js": {"path":"/Users/admin/Documents/secure-message/secure-message-webapp/src/js/components/common/ModalComponent.js","statementMap":{"0":{"start":{"line":8,"column":8},"end":{"line":32,"column":10}},"1":{"start":{"line":37,"column":0},"end":{"line":46,"column":2}},"2":{"start":{"line":51,"column":0},"end":{"line":61,"column":2}},"3":{"start":{"line":53,"column":26},"end":{"line":53,"column":38}},"4":{"start":{"line":63,"column":0},"end":{"line":63,"column":32}}},"fnMap":{"0":{"name":"(anonymous_0)","decl":{"start":{"line":7,"column":4},"end":{"line":7,"column":5}},"loc":{"start":{"line":7,"column":13},"end":{"line":33,"column":5}},"line":7},"1":{"name":"(anonymous_1)","decl":{"start":{"line":53,"column":12},"end":{"line":53,"column":13}},"loc":{"start":{"line":53,"column":24},"end":{"line":53,"column":40}},"line":53}},"branchMap":{"0":{"loc":{"start":{"line":23,"column":39},"end":{"line":23,"column":159}},"type":"cond-expr","locations":[{"start":{"line":23,"column":103},"end":{"line":23,"column":118}},{"start":{"line":23,"column":121},"end":{"line":23,"column":159}}],"line":23},"1":{"loc":{"start":{"line":23,"column":39},"end":{"line":23,"column":100}},"type":"binary-expr","locations":[{"start":{"line":23,"column":39},"end":{"line":23,"column":68}},{"start":{"line":23,"column":72},"end":{"line":23,"column":100}}],"line":23}},"s":{"0":2,"1":5,"2":5,"3":0,"4":5},"f":{"0":2,"1":0},"b":{"0":[1,1],"1":[2,1]},"_coverageSchema":"332fd63041d2c1bcb487cc26dd0d5f7d97098a6c","hash":"76e6c49b09f7d5012ca9e3448434c5bed44cb23c"}
,"/Users/admin/Documents/secure-message/secure-message-webapp/src/js/components/common/SecureMessageSummary.js": {"path":"/Users/admin/Documents/secure-message/secure-message-webapp/src/js/components/common/SecureMessageSummary.js","statementMap":{"0":{"start":{"line":14,"column":2},"end":{"line":14,"column":15}},"1":{"start":{"line":15,"column":2},"end":{"line":15,"column":51}},"2":{"start":{"line":16,"column":2},"end":{"line":20,"column":4}},"3":{"start":{"line":21,"column":2},"end":{"line":21,"column":67}},"4":{"start":{"line":22,"column":2},"end":{"line":22,"column":47}},"5":{"start":{"line":23,"column":2},"end":{"line":23,"column":49}},"6":{"start":{"line":24,"column":2},"end":{"line":24,"column":93}},"7":{"start":{"line":25,"column":2},"end":{"line":25,"column":61}},"8":{"start":{"line":26,"column":2},"end":{"line":26,"column":61}},"9":{"start":{"line":27,"column":2},"end":{"line":27,"column":59}},"10":{"start":{"line":30,"column":2},"end":{"line":30,"column":24}},"11":{"start":{"line":31,"column":2},"end":{"line":31,"column":36}},"12":{"start":{"line":34,"column":34},"end":{"line":34,"column":44}},"13":{"start":{"line":35,"column":2},"end":{"line":43,"column":3}},"14":{"start":{"line":37,"column":4},"end":{"line":37,"column":67}},"15":{"start":{"line":38,"column":3},"end":{"line":42,"column":5}},"16":{"start":{"line":46,"column":60},"end":{"line":46,"column":70}},"17":{"start":{"line":47,"column":21},"end":{"line":47,"column":23}},"18":{"start":{"line":48,"column":2},"end":{"line":52,"column":3}},"19":{"start":{"line":49,"column":3},"end":{"line":49,"column":73}},"20":{"start":{"line":51,"column":3},"end":{"line":51,"column":67}},"21":{"start":{"line":53,"column":2},"end":{"line":77,"column":4}},"22":{"start":{"line":81,"column":31},"end":{"line":81,"column":41}},"23":{"start":{"line":82,"column":22},"end":{"line":82,"column":24}},"24":{"start":{"line":83,"column":2},"end":{"line":87,"column":3}},"25":{"start":{"line":84,"column":3},"end":{"line":84,"column":63}},"26":{"start":{"line":86,"column":3},"end":{"line":86,"column":69}},"27":{"start":{"line":88,"column":2},"end":{"line":104,"column":4}},"28":{"start":{"line":107,"column":43},"end":{"line":107,"column":53}},"29":{"start":{"line":109,"column":3},"end":{"line":111,"column":37}},"30":{"start":{"line":112,"column":21},"end":{"line":112,"column":23}},"31":{"start":{"line":113,"column":2},"end":{"line":117,"column":3}},"32":{"start":{"line":114,"column":3},"end":{"line":114,"column":62}},"33":{"start":{"line":116,"column":3},"end":{"line":116,"column":39}},"34":{"start":{"line":118,"column":2},"end":{"line":138,"column":3}},"35":{"start":{"line":119,"column":3},"end":{"line":128,"column":4}},"36":{"start":{"line":120,"column":4},"end":{"line":127,"column":6}},"37":{"start":{"line":129,"column":3},"end":{"line":137,"column":5}},"38":{"start":{"line":139,"column":2},"end":{"line":139,"column":30}},"39":{"start":{"line":142,"column":2},"end":{"line":142,"column":50}},"40":{"start":{"line":145,"column":2},"end":{"line":145,"column":54}},"41":{"start":{"line":148,"column":2},"end":{"line":148,"column":36}},"42":{"start":{"line":149,"column":2},"end":{"line":149,"column":21}},"43":{"start":{"line":152,"column":2},"end":{"line":154,"column":9}},"44":{"start":{"line":153,"column":3},"end":{"line":153,"column":49}},"45":{"start":{"line":155,"column":2},"end":{"line":155,"column":51}},"46":{"start":{"line":158,"column":32},"end":{"line":158,"column":42}},"47":{"start":{"line":159,"column":2},"end":{"line":166,"column":64}},"48":{"start":{"line":160,"column":3},"end":{"line":160,"column":58}},"49":{"start":{"line":161,"column":3},"end":{"line":165,"column":11}},"50":{"start":{"line":162,"column":4},"end":{"line":164,"column":6}},"51":{"start":{"line":166,"column":9},"end":{"line":166,"column":64}},"52":{"start":{"line":167,"column":2},"end":{"line":171,"column":5}},"53":{"start":{"line":175,"column":2},"end":{"line":175,"column":39}},"54":{"start":{"line":176,"column":2},"end":{"line":178,"column":4}},"55":{"start":{"line":181,"column":39},"end":{"line":181,"column":49}},"56":{"start":{"line":183,"column":3},"end":{"line":187,"column":9}},"57":{"start":{"line":189,"column":24},"end":{"line":209,"column":3}},"58":{"start":{"line":210,"column":2},"end":{"line":221,"column":4}},"59":{"start":{"line":224,"column":22},"end":{"line":224,"column":32}},"60":{"start":{"line":226,"column":3},"end":{"line":232,"column":9}},"61":{"start":{"line":235,"column":3},"end":{"line":250,"column":9}},"62":{"start":{"line":252,"column":2},"end":{"line":264,"column":4}},"63":{"start":{"line":267,"column":22},"end":{"line":267,"column":32}},"64":{"start":{"line":269,"column":3},"end":{"line":271,"column":9}},"65":{"start":{"line":274,"column":3},"end":{"line":289,"column":9}},"66":{"start":{"line":291,"column":2},"end":{"line":302,"column":4}},"67":{"start":{"line":305,"column":95},"end":{"line":305,"column":105}},"68":{"start":{"line":306,"column":88},"end":{"line":306,"column":98}},"69":{"start":{"line":307,"column":23},"end":{"line":313,"column":4}},"70":{"start":{"line":314,"column":23},"end":{"line":320,"column":4}},"71":{"start":{"line":321,"column":21},"end":{"line":324,"column":4}},"72":{"start":{"line":325,"column":23},"end":{"line":328,"column":4}},"73":{"start":{"line":329,"column":23},"end":{"line":332,"column":4}},"74":{"start":{"line":334,"column":16},"end":{"line":336,"column":30}},"75":{"start":{"line":337,"column":2},"end":{"line":371,"column":4}},"76":{"start":{"line":375,"column":0},"end":{"line":383,"column":2}},"77":{"start":{"line":384,"column":0},"end":{"line":391,"column":2}},"78":{"start":{"line":396,"column":17},"end":{"line":401,"column":2}},"79":{"start":{"line":396,"column":27},"end":{"line":401,"column":1}}},"fnMap":{"0":{"name":"(anonymous_0)","decl":{"start":{"line":13,"column":1},"end":{"line":13,"column":2}},"loc":{"start":{"line":13,"column":20},"end":{"line":28,"column":2}},"line":13},"1":{"name":"(anonymous_1)","decl":{"start":{"line":29,"column":1},"end":{"line":29,"column":2}},"loc":{"start":{"line":29,"column":21},"end":{"line":32,"column":2}},"line":29},"2":{"name":"(anonymous_2)","decl":{"start":{"line":33,"column":18},"end":{"line":33,"column":19}},"loc":{"start":{"line":33,"column":24},"end":{"line":44,"column":2}},"line":33},"3":{"name":"(anonymous_3)","decl":{"start":{"line":45,"column":18},"end":{"line":45,"column":19}},"loc":{"start":{"line":45,"column":24},"end":{"line":78,"column":2}},"line":45},"4":{"name":"(anonymous_4)","decl":{"start":{"line":80,"column":19},"end":{"line":80,"column":20}},"loc":{"start":{"line":80,"column":25},"end":{"line":105,"column":2}},"line":80},"5":{"name":"(anonymous_5)","decl":{"start":{"line":106,"column":14},"end":{"line":106,"column":15}},"loc":{"start":{"line":106,"column":20},"end":{"line":140,"column":2}},"line":106},"6":{"name":"(anonymous_6)","decl":{"start":{"line":141,"column":1},"end":{"line":141,"column":2}},"loc":{"start":{"line":141,"column":16},"end":{"line":143,"column":2}},"line":141},"7":{"name":"(anonymous_7)","decl":{"start":{"line":144,"column":1},"end":{"line":144,"column":2}},"loc":{"start":{"line":144,"column":21},"end":{"line":146,"column":2}},"line":144},"8":{"name":"(anonymous_8)","decl":{"start":{"line":147,"column":1},"end":{"line":147,"column":2}},"loc":{"start":{"line":147,"column":20},"end":{"line":150,"column":2}},"line":147},"9":{"name":"(anonymous_9)","decl":{"start":{"line":151,"column":1},"end":{"line":151,"column":2}},"loc":{"start":{"line":151,"column":14},"end":{"line":156,"column":2}},"line":151},"10":{"name":"(anonymous_10)","decl":{"start":{"line":152,"column":13},"end":{"line":152,"column":14}},"loc":{"start":{"line":152,"column":19},"end":{"line":154,"column":3}},"line":152},"11":{"name":"(anonymous_11)","decl":{"start":{"line":157,"column":1},"end":{"line":157,"column":2}},"loc":{"start":{"line":157,"column":15},"end":{"line":172,"column":2}},"line":157},"12":{"name":"(anonymous_12)","decl":{"start":{"line":161,"column":14},"end":{"line":161,"column":15}},"loc":{"start":{"line":161,"column":20},"end":{"line":165,"column":4}},"line":161},"13":{"name":"(anonymous_13)","decl":{"start":{"line":174,"column":1},"end":{"line":174,"column":2}},"loc":{"start":{"line":174,"column":21},"end":{"line":179,"column":2}},"line":174},"14":{"name":"(anonymous_14)","decl":{"start":{"line":180,"column":1},"end":{"line":180,"column":2}},"loc":{"start":{"line":180,"column":37},"end":{"line":222,"column":2}},"line":180},"15":{"name":"(anonymous_15)","decl":{"start":{"line":223,"column":1},"end":{"line":223,"column":2}},"loc":{"start":{"line":223,"column":20},"end":{"line":265,"column":2}},"line":223},"16":{"name":"(anonymous_16)","decl":{"start":{"line":266,"column":1},"end":{"line":266,"column":2}},"loc":{"start":{"line":266,"column":24},"end":{"line":303,"column":2}},"line":266},"17":{"name":"(anonymous_17)","decl":{"start":{"line":304,"column":1},"end":{"line":304,"column":2}},"loc":{"start":{"line":304,"column":10},"end":{"line":372,"column":2}},"line":304},"18":{"name":"(anonymous_18)","decl":{"start":{"line":396,"column":17},"end":{"line":396,"column":18}},"loc":{"start":{"line":396,"column":27},"end":{"line":401,"column":1}},"line":396}},"branchMap":{"0":{"loc":{"start":{"line":35,"column":2},"end":{"line":43,"column":3}},"type":"if","locations":[{"start":{"line":35,"column":2},"end":{"line":43,"column":3}},{"start":{"line":35,"column":2},"end":{"line":43,"column":3}}],"line":35},"1":{"loc":{"start":{"line":37,"column":4},"end":{"line":37,"column":67}},"type":"cond-expr","locations":[{"start":{"line":37,"column":30},"end":{"line":37,"column":49}},{"start":{"line":37,"column":52},"end":{"line":37,"column":67}}],"line":37},"2":{"loc":{"start":{"line":48,"column":2},"end":{"line":52,"column":3}},"type":"if","locations":[{"start":{"line":48,"column":2},"end":{"line":52,"column":3}},{"start":{"line":48,"column":2},"end":{"line":52,"column":3}}],"line":48},"3":{"loc":{"start":{"line":54,"column":3},"end":{"line":76,"column":4}},"type":"binary-expr","locations":[{"start":{"line":54,"column":3},"end":{"line":54,"column":14}},{"start":{"line":55,"column":4},"end":{"line":75,"column":11}}],"line":54},"4":{"loc":{"start":{"line":58,"column":16},"end":{"line":60,"column":43}},"type":"cond-expr","locations":[{"start":{"line":59,"column":9},"end":{"line":59,"column":40}},{"start":{"line":60,"column":9},"end":{"line":60,"column":43}}],"line":58},"5":{"loc":{"start":{"line":83,"column":2},"end":{"line":87,"column":3}},"type":"if","locations":[{"start":{"line":83,"column":2},"end":{"line":87,"column":3}},{"start":{"line":83,"column":2},"end":{"line":87,"column":3}}],"line":83},"6":{"loc":{"start":{"line":109,"column":3},"end":{"line":111,"column":37}},"type":"cond-expr","locations":[{"start":{"line":110,"column":6},"end":{"line":110,"column":44}},{"start":{"line":111,"column":6},"end":{"line":111,"column":37}}],"line":109},"7":{"loc":{"start":{"line":113,"column":2},"end":{"line":117,"column":3}},"type":"if","locations":[{"start":{"line":113,"column":2},"end":{"line":117,"column":3}},{"start":{"line":113,"column":2},"end":{"line":117,"column":3}}],"line":113},"8":{"loc":{"start":{"line":118,"column":2},"end":{"line":138,"column":3}},"type":"if","locations":[{"start":{"line":118,"column":2},"end":{"line":138,"column":3}},{"start":{"line":118,"column":2},"end":{"line":138,"column":3}}],"line":118},"9":{"loc":{"start":{"line":119,"column":3},"end":{"line":128,"column":4}},"type":"if","locations":[{"start":{"line":119,"column":3},"end":{"line":128,"column":4}},{"start":{"line":119,"column":3},"end":{"line":128,"column":4}}],"line":119},"10":{"loc":{"start":{"line":159,"column":2},"end":{"line":166,"column":64}},"type":"if","locations":[{"start":{"line":159,"column":2},"end":{"line":166,"column":64}},{"start":{"line":159,"column":2},"end":{"line":166,"column":64}}],"line":159},"11":{"loc":{"start":{"line":189,"column":24},"end":{"line":209,"column":3}},"type":"cond-expr","locations":[{"start":{"line":190,"column":3},"end":{"line":198,"column":9}},{"start":{"line":200,"column":3},"end":{"line":208,"column":9}}],"line":189},"12":{"loc":{"start":{"line":317,"column":3},"end":{"line":319,"column":29}},"type":"binary-expr","locations":[{"start":{"line":317,"column":3},"end":{"line":317,"column":27}},{"start":{"line":318,"column":3},"end":{"line":318,"column":26}},{"start":{"line":319,"column":3},"end":{"line":319,"column":29}}],"line":317},"13":{"loc":{"start":{"line":334,"column":16},"end":{"line":336,"column":30}},"type":"cond-expr","locations":[{"start":{"line":335,"column":5},"end":{"line":335,"column":27}},{"start":{"line":336,"column":5},"end":{"line":336,"column":30}}],"line":334},"14":{"loc":{"start":{"line":339,"column":5},"end":{"line":340,"column":26}},"type":"binary-expr","locations":[{"start":{"line":339,"column":6},"end":{"line":339,"column":29}},{"start":{"line":339,"column":33},"end":{"line":339,"column":55}},{"start":{"line":340,"column":5},"end":{"line":340,"column":26}}],"line":339},"15":{"loc":{"start":{"line":352,"column":8},"end":{"line":353,"column":36}},"type":"binary-expr","locations":[{"start":{"line":352,"column":9},"end":{"line":352,"column":31}},{"start":{"line":352,"column":35},"end":{"line":352,"column":58}},{"start":{"line":353,"column":8},"end":{"line":353,"column":36}}],"line":352},"16":{"loc":{"start":{"line":354,"column":8},"end":{"line":354,"column":45}},"type":"binary-expr","locations":[{"start":{"line":354,"column":8},"end":{"line":354,"column":19}},{"start":{"line":354,"column":23},"end":{"line":354,"column":45}}],"line":354},"17":{"loc":{"start":{"line":357,"column":6},"end":{"line":361,"column":6}},"type":"binary-expr","locations":[{"start":{"line":357,"column":6},"end":{"line":357,"column":22}},{"start":{"line":358,"column":6},"end":{"line":360,"column":10}}],"line":357},"18":{"loc":{"start":{"line":362,"column":6},"end":{"line":364,"column":6}},"type":"binary-expr","locations":[{"start":{"line":362,"column":6},"end":{"line":362,"column":21}},{"start":{"line":363,"column":6},"end":{"line":363,"column":70}}],"line":362},"19":{"loc":{"start":{"line":367,"column":5},"end":{"line":367,"column":58}},"type":"binary-expr","locations":[{"start":{"line":367,"column":5},"end":{"line":367,"column":27}},{"start":{"line":367,"column":31},"end":{"line":367,"column":58}}],"line":367},"20":{"loc":{"start":{"line":368,"column":5},"end":{"line":368,"column":104}},"type":"binary-expr","locations":[{"start":{"line":368,"column":5},"end":{"line":368,"column":27}},{"start":{"line":368,"column":31},"end":{"line":368,"column":60}},{"start":{"line":368,"column":64},"end":{"line":368,"column":104}}],"line":368},"21":{"loc":{"start":{"line":369,"column":5},"end":{"line":369,"column":80}},"type":"binary-expr","locations":[{"start":{"line":369,"column":5},"end":{"line":369,"column":24}},{"start":{"line":369,"column":28},"end":{"line":369,"column":53}},{"start":{"line":369,"column":57},"end":{"line":369,"column":80}}],"line":369}},"s":{"0":0,"1":0,"2":0,"3":0,"4":0,"5":0,"6":0,"7":0,"8":0,"9":0,"10":0,"11":0,"12":0,"13":0,"14":0,"15":0,"16":0,"17":0,"18":0,"19":0,"20":0,"21":0,"22":0,"23":0,"24":0,"25":0,"26":0,"27":0,"28":0,"29":0,"30":0,"31":0,"32":0,"33":0,"34":0,"35":0,"36":0,"37":0,"38":0,"39":0,"40":0,"41":0,"42":0,"43":0,"44":0,"45":0,"46":0,"47":0,"48":0,"49":0,"50":0,"51":0,"52":0,"53":0,"54":0,"55":0,"56":0,"57":0,"58":0,"59":0,"60":0,"61":0,"62":0,"63":0,"64":0,"65":0,"66":0,"67":0,"68":0,"69":0,"70":0,"71":0,"72":0,"73":0,"74":0,"75":0,"76":3,"77":3,"78":3,"79":0},"f":{"0":0,"1":0,"2":0,"3":0,"4":0,"5":0,"6":0,"7":0,"8":0,"9":0,"10":0,"11":0,"12":0,"13":0,"14":0,"15":0,"16":0,"17":0,"18":0},"b":{"0":[0,0],"1":[0,0],"2":[0,0],"3":[0,0],"4":[0,0],"5":[0,0],"6":[0,0],"7":[0,0],"8":[0,0],"9":[0,0],"10":[0,0],"11":[0,0],"12":[0,0,0],"13":[0,0],"14":[0,0,0],"15":[0,0,0],"16":[0,0],"17":[0,0],"18":[0,0],"19":[0,0],"20":[0,0,0],"21":[0,0,0]},"_coverageSchema":"332fd63041d2c1bcb487cc26dd0d5f7d97098a6c","hash":"ff0ccad6ef7dfc1a5e25fb4c489b15f2bed59f73"}
,"/Users/admin/Documents/secure-message/secure-message-webapp/src/js/components/common/StepHeader.js": {"path":"/Users/admin/Documents/secure-message/secure-message-webapp/src/js/components/common/StepHeader.js","statementMap":{"0":{"start":{"line":10,"column":2},"end":{"line":22,"column":4}},"1":{"start":{"line":26,"column":0},"end":{"line":29,"column":2}}},"fnMap":{"0":{"name":"(anonymous_0)","decl":{"start":{"line":9,"column":1},"end":{"line":9,"column":2}},"loc":{"start":{"line":9,"column":10},"end":{"line":23,"column":2}},"line":9}},"branchMap":{"0":{"loc":{"start":{"line":11,"column":37},"end":{"line":11,"column":71}},"type":"cond-expr","locations":[{"start":{"line":11,"column":53},"end":{"line":11,"column":66}},{"start":{"line":11,"column":69},"end":{"line":11,"column":71}}],"line":11},"1":{"loc":{"start":{"line":12,"column":3},"end":{"line":17,"column":14}},"type":"cond-expr","locations":[{"start":{"line":12,"column":33},"end":{"line":17,"column":7}},{"start":{"line":17,"column":10},"end":{"line":17,"column":14}}],"line":12},"2":{"loc":{"start":{"line":19,"column":13},"end":{"line":19,"column":118}},"type":"cond-expr","locations":[{"start":{"line":19,"column":41},"end":{"line":19,"column":111}},{"start":{"line":19,"column":114},"end":{"line":19,"column":118}}],"line":19}},"s":{"0":2,"1":1},"f":{"0":2},"b":{"0":[0,2],"1":[2,0],"2":[0,2]},"_coverageSchema":"332fd63041d2c1bcb487cc26dd0d5f7d97098a6c","hash":"07b7c85208806d1bcdb7fe09597d963f6df7d3e4"}
,"/Users/admin/Documents/secure-message/secure-message-webapp/src/js/components/common/TextAreaComponent.js": {"path":"/Users/admin/Documents/secure-message/secure-message-webapp/src/js/components/common/TextAreaComponent.js","statementMap":{"0":{"start":{"line":7,"column":8},"end":{"line":7,"column":21}},"1":{"start":{"line":8,"column":8},"end":{"line":8,"column":53}},"2":{"start":{"line":9,"column":8},"end":{"line":9,"column":43}},"3":{"start":{"line":10,"column":8},"end":{"line":12,"column":9}},"4":{"start":{"line":15,"column":8},"end":{"line":20,"column":9}},"5":{"start":{"line":16,"column":8},"end":{"line":19,"column":44}},"6":{"start":{"line":17,"column":12},"end":{"line":17,"column":59}},"7":{"start":{"line":18,"column":12},"end":{"line":18,"column":54}},"8":{"start":{"line":19,"column":15},"end":{"line":19,"column":44}},"9":{"start":{"line":23,"column":8},"end":{"line":23,"column":53}},"10":{"start":{"line":24,"column":8},"end":{"line":24,"column":44}},"11":{"start":{"line":30,"column":8},"end":{"line":46,"column":10}},"12":{"start":{"line":49,"column":0},"end":{"line":51,"column":1}}},"fnMap":{"0":{"name":"(anonymous_0)","decl":{"start":{"line":6,"column":4},"end":{"line":6,"column":5}},"loc":{"start":{"line":6,"column":23},"end":{"line":13,"column":5}},"line":6},"1":{"name":"(anonymous_1)","decl":{"start":{"line":14,"column":4},"end":{"line":14,"column":5}},"loc":{"start":{"line":14,"column":23},"end":{"line":21,"column":5}},"line":14},"2":{"name":"(anonymous_2)","decl":{"start":{"line":22,"column":4},"end":{"line":22,"column":5}},"loc":{"start":{"line":22,"column":18},"end":{"line":25,"column":5}},"line":22},"3":{"name":"(anonymous_3)","decl":{"start":{"line":26,"column":4},"end":{"line":26,"column":5}},"loc":{"start":{"line":26,"column":13},"end":{"line":28,"column":5}},"line":26},"4":{"name":"(anonymous_4)","decl":{"start":{"line":29,"column":4},"end":{"line":29,"column":5}},"loc":{"start":{"line":29,"column":13},"end":{"line":47,"column":5}},"line":29}},"branchMap":{"0":{"loc":{"start":{"line":15,"column":8},"end":{"line":20,"column":9}},"type":"if","locations":[{"start":{"line":15,"column":8},"end":{"line":20,"column":9}},{"start":{"line":15,"column":8},"end":{"line":20,"column":9}}],"line":15},"1":{"loc":{"start":{"line":16,"column":8},"end":{"line":19,"column":44}},"type":"if","locations":[{"start":{"line":16,"column":8},"end":{"line":19,"column":44}},{"start":{"line":16,"column":8},"end":{"line":19,"column":44}}],"line":16}},"s":{"0":2,"1":2,"2":2,"3":2,"4":2,"5":1,"6":0,"7":0,"8":1,"9":0,"10":0,"11":2,"12":3},"f":{"0":2,"1":2,"2":0,"3":0,"4":2},"b":{"0":[1,1],"1":[0,1]},"_coverageSchema":"332fd63041d2c1bcb487cc26dd0d5f7d97098a6c","hash":"587020fc7166301859ca1ec63804eaf622760b53"}
,"/Users/admin/Documents/secure-message/secure-message-webapp/src/js/components/common/ThreadList.js": {"path":"/Users/admin/Documents/secure-message/secure-message-webapp/src/js/components/common/ThreadList.js","statementMap":{"0":{"start":{"line":8,"column":67},"end":{"line":8,"column":77}},"1":{"start":{"line":9,"column":21},"end":{"line":9,"column":23}},"2":{"start":{"line":10,"column":2},"end":{"line":12,"column":3}},"3":{"start":{"line":11,"column":3},"end":{"line":11,"column":87}},"4":{"start":{"line":13,"column":2},"end":{"line":15,"column":5}},"5":{"start":{"line":14,"column":3},"end":{"line":14,"column":87}},"6":{"start":{"line":16,"column":2},"end":{"line":16,"column":20}},"7":{"start":{"line":19,"column":2},"end":{"line":23,"column":4}}},"fnMap":{"0":{"name":"(anonymous_0)","decl":{"start":{"line":7,"column":1},"end":{"line":7,"column":2}},"loc":{"start":{"line":7,"column":17},"end":{"line":17,"column":2}},"line":7},"1":{"name":"(anonymous_1)","decl":{"start":{"line":13,"column":17},"end":{"line":13,"column":18}},"loc":{"start":{"line":13,"column":36},"end":{"line":15,"column":3}},"line":13},"2":{"name":"(anonymous_2)","decl":{"start":{"line":18,"column":1},"end":{"line":18,"column":2}},"loc":{"start":{"line":18,"column":10},"end":{"line":24,"column":2}},"line":18}},"branchMap":{"0":{"loc":{"start":{"line":10,"column":2},"end":{"line":12,"column":3}},"type":"if","locations":[{"start":{"line":10,"column":2},"end":{"line":12,"column":3}},{"start":{"line":10,"column":2},"end":{"line":12,"column":3}}],"line":10}},"s":{"0":2,"1":2,"2":2,"3":1,"4":2,"5":0,"6":2,"7":2},"f":{"0":2,"1":0,"2":2},"b":{"0":[1,1]},"_coverageSchema":"332fd63041d2c1bcb487cc26dd0d5f7d97098a6c","hash":"e9cf38aba4237b7a433347274bdff85cd982bcf8"}
,"/Users/admin/Documents/secure-message/secure-message-webapp/src/js/components/common/ThreadsComponent.js": {"path":"/Users/admin/Documents/secure-message/secure-message-webapp/src/js/components/common/ThreadsComponent.js","statementMap":{"0":{"start":{"line":9,"column":33},"end":{"line":9,"column":43}},"1":{"start":{"line":10,"column":8},"end":{"line":17,"column":10}}},"fnMap":{"0":{"name":"(anonymous_0)","decl":{"start":{"line":8,"column":4},"end":{"line":8,"column":5}},"loc":{"start":{"line":8,"column":13},"end":{"line":18,"column":5}},"line":8}},"branchMap":{},"s":{"0":0,"1":0},"f":{"0":0},"b":{},"_coverageSchema":"332fd63041d2c1bcb487cc26dd0d5f7d97098a6c","hash":"cc1b093f67ddc8ad1a1731f28351482aecc874d9"}
,"/Users/admin/Documents/secure-message/secure-message-webapp/src/js/constants/AppConstants.js": {"path":"/Users/admin/Documents/secure-message/secure-message-webapp/src/js/constants/AppConstants.js","statementMap":{},"fnMap":{},"branchMap":{},"s":{},"f":{},"b":{},"_coverageSchema":"332fd63041d2c1bcb487cc26dd0d5f7d97098a6c","hash":"e4992af5169f52a9ba1b5c9a0ad6544013faf377"}
,"/Users/admin/Documents/secure-message/secure-message-webapp/src/js/constants/StringsConstants.js": {"path":"/Users/admin/Documents/secure-message/secure-message-webapp/src/js/constants/StringsConstants.js","statementMap":{"0":{"start":{"line":7,"column":24},"end":{"line":15,"column":1}},"1":{"start":{"line":17,"column":0},"end":{"line":17,"column":33}}},"fnMap":{},"branchMap":{},"s":{"0":5,"1":5},"f":{},"b":{},"_coverageSchema":"332fd63041d2c1bcb487cc26dd0d5f7d97098a6c","hash":"0edc3048d4b086562e21510f1c807fdd5eab5f46"}
,"/Users/admin/Documents/secure-message/secure-message-webapp/src/js/entities/AccountEntity.js": {"path":"/Users/admin/Documents/secure-message/secure-message-webapp/src/js/entities/AccountEntity.js","statementMap":{"0":{"start":{"line":6,"column":8},"end":{"line":6,"column":30}},"1":{"start":{"line":7,"column":8},"end":{"line":7,"column":27}},"2":{"start":{"line":8,"column":8},"end":{"line":8,"column":25}},"3":{"start":{"line":14,"column":8},"end":{"line":14,"column":23}},"4":{"start":{"line":20,"column":8},"end":{"line":20,"column":23}},"5":{"start":{"line":27,"column":8},"end":{"line":27,"column":35}},"6":{"start":{"line":34,"column":8},"end":{"line":34,"column":29}},"7":{"start":{"line":37,"column":8},"end":{"line":37,"column":24}},"8":{"start":{"line":40,"column":8},"end":{"line":40,"column":25}}},"fnMap":{"0":{"name":"(anonymous_0)","decl":{"start":{"line":5,"column":4},"end":{"line":5,"column":5}},"loc":{"start":{"line":5,"column":18},"end":{"line":9,"column":5}},"line":5},"1":{"name":"(anonymous_1)","decl":{"start":{"line":13,"column":4},"end":{"line":13,"column":5}},"loc":{"start":{"line":13,"column":12},"end":{"line":15,"column":5}},"line":13},"2":{"name":"(anonymous_2)","decl":{"start":{"line":19,"column":4},"end":{"line":19,"column":5}},"loc":{"start":{"line":19,"column":23},"end":{"line":21,"column":5}},"line":19},"3":{"name":"(anonymous_3)","decl":{"start":{"line":26,"column":4},"end":{"line":26,"column":5}},"loc":{"start":{"line":26,"column":21},"end":{"line":28,"column":5}},"line":26},"4":{"name":"(anonymous_4)","decl":{"start":{"line":33,"column":4},"end":{"line":33,"column":5}},"loc":{"start":{"line":33,"column":29},"end":{"line":35,"column":5}},"line":33},"5":{"name":"(anonymous_5)","decl":{"start":{"line":36,"column":4},"end":{"line":36,"column":5}},"loc":{"start":{"line":36,"column":25},"end":{"line":38,"column":5}},"line":36},"6":{"name":"(anonymous_6)","decl":{"start":{"line":39,"column":4},"end":{"line":39,"column":5}},"loc":{"start":{"line":39,"column":21},"end":{"line":41,"column":5}},"line":39}},"branchMap":{},"s":{"0":2,"1":2,"2":2,"3":0,"4":0,"5":0,"6":0,"7":0,"8":0},"f":{"0":2,"1":0,"2":0,"3":0,"4":0,"5":0,"6":0},"b":{},"_coverageSchema":"332fd63041d2c1bcb487cc26dd0d5f7d97098a6c","hash":"f251d7028ea0b50b63c41d278a0a84c52c97d091"}
,"/Users/admin/Documents/secure-message/secure-message-webapp/src/js/entities/MessageAccountEntity.js": {"path":"/Users/admin/Documents/secure-message/secure-message-webapp/src/js/entities/MessageAccountEntity.js","statementMap":{"0":{"start":{"line":4,"column":12},"end":{"line":4,"column":31}},"1":{"start":{"line":7,"column":8},"end":{"line":7,"column":203}},"2":{"start":{"line":10,"column":8},"end":{"line":10,"column":58}}},"fnMap":{"0":{"name":"(anonymous_0)","decl":{"start":{"line":3,"column":4},"end":{"line":3,"column":5}},"loc":{"start":{"line":3,"column":18},"end":{"line":5,"column":5}},"line":3},"1":{"name":"(anonymous_1)","decl":{"start":{"line":6,"column":4},"end":{"line":6,"column":5}},"loc":{"start":{"line":6,"column":25},"end":{"line":8,"column":5}},"line":6},"2":{"name":"(anonymous_2)","decl":{"start":{"line":9,"column":4},"end":{"line":9,"column":5}},"loc":{"start":{"line":9,"column":18},"end":{"line":11,"column":5}},"line":9}},"branchMap":{},"s":{"0":0,"1":0,"2":0},"f":{"0":0,"1":0,"2":0},"b":{},"_coverageSchema":"332fd63041d2c1bcb487cc26dd0d5f7d97098a6c","hash":"68c294acdcd621a4eae86bbc4d4dea1499068423"}
,"/Users/admin/Documents/secure-message/secure-message-webapp/src/js/entities/MessageEntity.js": {"path":"/Users/admin/Documents/secure-message/secure-message-webapp/src/js/entities/MessageEntity.js","statementMap":{"0":{"start":{"line":9,"column":8},"end":{"line":9,"column":23}},"1":{"start":{"line":10,"column":8},"end":{"line":10,"column":43}},"2":{"start":{"line":11,"column":8},"end":{"line":11,"column":30}},"3":{"start":{"line":12,"column":8},"end":{"line":12,"column":32}},"4":{"start":{"line":13,"column":8},"end":{"line":13,"column":27}},"5":{"start":{"line":14,"column":8},"end":{"line":14,"column":29}},"6":{"start":{"line":15,"column":8},"end":{"line":15,"column":28}},"7":{"start":{"line":16,"column":8},"end":{"line":16,"column":28}},"8":{"start":{"line":22,"column":8},"end":{"line":22,"column":23}},"9":{"start":{"line":28,"column":8},"end":{"line":28,"column":28}},"10":{"start":{"line":34,"column":8},"end":{"line":34,"column":30}},"11":{"start":{"line":40,"column":8},"end":{"line":40,"column":32}},"12":{"start":{"line":46,"column":8},"end":{"line":46,"column":27}},"13":{"start":{"line":52,"column":8},"end":{"line":52,"column":29}},"14":{"start":{"line":58,"column":8},"end":{"line":58,"column":28}},"15":{"start":{"line":64,"column":8},"end":{"line":64,"column":28}},"16":{"start":{"line":71,"column":8},"end":{"line":71,"column":21}},"17":{"start":{"line":78,"column":8},"end":{"line":84,"column":9}},"18":{"start":{"line":79,"column":8},"end":{"line":79,"column":29}},"19":{"start":{"line":80,"column":8},"end":{"line":80,"column":40}},"20":{"start":{"line":82,"column":12},"end":{"line":82,"column":43}},"21":{"start":{"line":83,"column":12},"end":{"line":83,"column":58}},"22":{"start":{"line":91,"column":8},"end":{"line":91,"column":35}},"23":{"start":{"line":98,"column":8},"end":{"line":98,"column":50}},"24":{"start":{"line":105,"column":8},"end":{"line":105,"column":29}},"25":{"start":{"line":112,"column":8},"end":{"line":112,"column":27}},"26":{"start":{"line":119,"column":8},"end":{"line":119,"column":31}},"27":{"start":{"line":126,"column":8},"end":{"line":126,"column":30}}},"fnMap":{"0":{"name":"(anonymous_0)","decl":{"start":{"line":8,"column":4},"end":{"line":8,"column":5}},"loc":{"start":{"line":8,"column":18},"end":{"line":17,"column":5}},"line":8},"1":{"name":"(anonymous_1)","decl":{"start":{"line":21,"column":4},"end":{"line":21,"column":5}},"loc":{"start":{"line":21,"column":12},"end":{"line":23,"column":5}},"line":21},"2":{"name":"(anonymous_2)","decl":{"start":{"line":27,"column":4},"end":{"line":27,"column":5}},"loc":{"start":{"line":27,"column":17},"end":{"line":29,"column":5}},"line":27},"3":{"name":"(anonymous_3)","decl":{"start":{"line":33,"column":4},"end":{"line":33,"column":5}},"loc":{"start":{"line":33,"column":19},"end":{"line":35,"column":5}},"line":33},"4":{"name":"(anonymous_4)","decl":{"start":{"line":39,"column":4},"end":{"line":39,"column":5}},"loc":{"start":{"line":39,"column":21},"end":{"line":41,"column":5}},"line":39},"5":{"name":"(anonymous_5)","decl":{"start":{"line":45,"column":4},"end":{"line":45,"column":5}},"loc":{"start":{"line":45,"column":16},"end":{"line":47,"column":5}},"line":45},"6":{"name":"(anonymous_6)","decl":{"start":{"line":51,"column":4},"end":{"line":51,"column":5}},"loc":{"start":{"line":51,"column":18},"end":{"line":53,"column":5}},"line":51},"7":{"name":"(anonymous_7)","decl":{"start":{"line":57,"column":4},"end":{"line":57,"column":5}},"loc":{"start":{"line":57,"column":17},"end":{"line":59,"column":5}},"line":57},"8":{"name":"(anonymous_8)","decl":{"start":{"line":63,"column":4},"end":{"line":63,"column":5}},"loc":{"start":{"line":63,"column":21},"end":{"line":65,"column":5}},"line":63},"9":{"name":"(anonymous_9)","decl":{"start":{"line":70,"column":4},"end":{"line":70,"column":5}},"loc":{"start":{"line":70,"column":14},"end":{"line":72,"column":5}},"line":70},"10":{"name":"(anonymous_10)","decl":{"start":{"line":77,"column":4},"end":{"line":77,"column":5}},"loc":{"start":{"line":77,"column":24},"end":{"line":85,"column":5}},"line":77},"11":{"name":"(anonymous_11)","decl":{"start":{"line":90,"column":4},"end":{"line":90,"column":5}},"loc":{"start":{"line":90,"column":28},"end":{"line":92,"column":5}},"line":90},"12":{"name":"(anonymous_12)","decl":{"start":{"line":97,"column":4},"end":{"line":97,"column":5}},"loc":{"start":{"line":97,"column":25},"end":{"line":99,"column":5}},"line":97},"13":{"name":"(anonymous_13)","decl":{"start":{"line":104,"column":4},"end":{"line":104,"column":5}},"loc":{"start":{"line":104,"column":22},"end":{"line":106,"column":5}},"line":104},"14":{"name":"(anonymous_14)","decl":{"start":{"line":111,"column":4},"end":{"line":111,"column":5}},"loc":{"start":{"line":111,"column":20},"end":{"line":113,"column":5}},"line":111},"15":{"name":"(anonymous_15)","decl":{"start":{"line":118,"column":4},"end":{"line":118,"column":5}},"loc":{"start":{"line":118,"column":24},"end":{"line":120,"column":5}},"line":118},"16":{"name":"(anonymous_16)","decl":{"start":{"line":125,"column":4},"end":{"line":125,"column":5}},"loc":{"start":{"line":125,"column":28},"end":{"line":127,"column":5}},"line":125}},"branchMap":{"0":{"loc":{"start":{"line":78,"column":8},"end":{"line":84,"column":9}},"type":"if","locations":[{"start":{"line":78,"column":8},"end":{"line":84,"column":9}},{"start":{"line":78,"column":8},"end":{"line":84,"column":9}}],"line":78}},"s":{"0":2,"1":2,"2":2,"3":2,"4":2,"5":2,"6":2,"7":2,"8":0,"9":0,"10":0,"11":0,"12":0,"13":0,"14":0,"15":0,"16":0,"17":0,"18":0,"19":0,"20":0,"21":0,"22":0,"23":0,"24":0,"25":0,"26":0,"27":0},"f":{"0":2,"1":0,"2":0,"3":0,"4":0,"5":0,"6":0,"7":0,"8":0,"9":0,"10":0,"11":0,"12":0,"13":0,"14":0,"15":0,"16":0},"b":{"0":[0,0]},"_coverageSchema":"332fd63041d2c1bcb487cc26dd0d5f7d97098a6c","hash":"d288b0d7962f49d2b983013e05f7ab804dd1f7a0"}
,"/Users/admin/Documents/secure-message/secure-message-webapp/src/js/entities/MessageSubjectEntity.js": {"path":"/Users/admin/Documents/secure-message/secure-message-webapp/src/js/entities/MessageSubjectEntity.js","statementMap":{"0":{"start":{"line":4,"column":12},"end":{"line":6,"column":14}},"1":{"start":{"line":9,"column":8},"end":{"line":9,"column":44}},"2":{"start":{"line":12,"column":8},"end":{"line":12,"column":29}}},"fnMap":{"0":{"name":"(anonymous_0)","decl":{"start":{"line":3,"column":4},"end":{"line":3,"column":5}},"loc":{"start":{"line":3,"column":18},"end":{"line":7,"column":5}},"line":3},"1":{"name":"(anonymous_1)","decl":{"start":{"line":8,"column":4},"end":{"line":8,"column":5}},"loc":{"start":{"line":8,"column":25},"end":{"line":10,"column":5}},"line":8},"2":{"name":"(anonymous_2)","decl":{"start":{"line":11,"column":4},"end":{"line":11,"column":5}},"loc":{"start":{"line":11,"column":18},"end":{"line":13,"column":5}},"line":11}},"branchMap":{},"s":{"0":0,"1":0,"2":0},"f":{"0":0,"1":0,"2":0},"b":{},"_coverageSchema":"332fd63041d2c1bcb487cc26dd0d5f7d97098a6c","hash":"c0edb64ac54f0caf92c11cc9bf706116b5514c12"}
,"/Users/admin/Documents/secure-message/secure-message-webapp/src/js/parsers/MessageParser.js": {"path":"/Users/admin/Documents/secure-message/secure-message-webapp/src/js/parsers/MessageParser.js","statementMap":{"0":{"start":{"line":10,"column":21},"end":{"line":10,"column":23}},"1":{"start":{"line":11,"column":27},"end":{"line":11,"column":68}},"2":{"start":{"line":12,"column":4},"end":{"line":24,"column":7}},"3":{"start":{"line":13,"column":30},"end":{"line":13,"column":49}},"4":{"start":{"line":14,"column":8},"end":{"line":14,"column":40}},"5":{"start":{"line":15,"column":8},"end":{"line":15,"column":59}},"6":{"start":{"line":17,"column":8},"end":{"line":17,"column":53}},"7":{"start":{"line":18,"column":8},"end":{"line":18,"column":54}},"8":{"start":{"line":19,"column":8},"end":{"line":19,"column":48}},"9":{"start":{"line":20,"column":8},"end":{"line":20,"column":50}},"10":{"start":{"line":21,"column":8},"end":{"line":21,"column":50}},"11":{"start":{"line":22,"column":8},"end":{"line":22,"column":64}},"12":{"start":{"line":23,"column":8},"end":{"line":23,"column":37}},"13":{"start":{"line":25,"column":4},"end":{"line":25,"column":20}},"14":{"start":{"line":30,"column":4},"end":{"line":61,"column":5}},"15":{"start":{"line":31,"column":28},"end":{"line":41,"column":9}},"16":{"start":{"line":42,"column":8},"end":{"line":42,"column":27}},"17":{"start":{"line":44,"column":28},"end":{"line":58,"column":9}},"18":{"start":{"line":60,"column":8},"end":{"line":60,"column":27}},"19":{"start":{"line":65,"column":22},"end":{"line":65,"column":24}},"20":{"start":{"line":66,"column":4},"end":{"line":108,"column":5}},"21":{"start":{"line":67,"column":8},"end":{"line":87,"column":9}},"22":{"start":{"line":90,"column":8},"end":{"line":107,"column":9}},"23":{"start":{"line":109,"column":4},"end":{"line":109,"column":23}},"24":{"start":{"line":113,"column":22},"end":{"line":113,"column":24}},"25":{"start":{"line":114,"column":4},"end":{"line":155,"column":5}},"26":{"start":{"line":115,"column":8},"end":{"line":135,"column":9}},"27":{"start":{"line":138,"column":8},"end":{"line":154,"column":9}},"28":{"start":{"line":156,"column":4},"end":{"line":156,"column":23}},"29":{"start":{"line":160,"column":22},"end":{"line":160,"column":24}},"30":{"start":{"line":161,"column":8},"end":{"line":247,"column":9}},"31":{"start":{"line":162,"column":12},"end":{"line":183,"column":13}},"32":{"start":{"line":186,"column":12},"end":{"line":247,"column":9}},"33":{"start":{"line":187,"column":12},"end":{"line":207,"column":13}},"34":{"start":{"line":209,"column":12},"end":{"line":247,"column":9}},"35":{"start":{"line":210,"column":12},"end":{"line":227,"column":13}},"36":{"start":{"line":229,"column":11},"end":{"line":247,"column":9}},"37":{"start":{"line":230,"column":12},"end":{"line":246,"column":13}},"38":{"start":{"line":248,"column":4},"end":{"line":248,"column":23}}},"fnMap":{"0":{"name":"parseMessages","decl":{"start":{"line":9,"column":16},"end":{"line":9,"column":29}},"loc":{"start":{"line":9,"column":40},"end":{"line":27,"column":1}},"line":9},"1":{"name":"(anonymous_1)","decl":{"start":{"line":12,"column":30},"end":{"line":12,"column":31}},"loc":{"start":{"line":12,"column":41},"end":{"line":24,"column":5}},"line":12},"2":{"name":"parseDraft","decl":{"start":{"line":29,"column":16},"end":{"line":29,"column":26}},"loc":{"start":{"line":29,"column":41},"end":{"line":62,"column":1}},"line":29},"3":{"name":"updateMessage","decl":{"start":{"line":64,"column":16},"end":{"line":64,"column":29}},"loc":{"start":{"line":64,"column":48},"end":{"line":110,"column":1}},"line":64},"4":{"name":"deleteMessage","decl":{"start":{"line":112,"column":16},"end":{"line":112,"column":29}},"loc":{"start":{"line":112,"column":48},"end":{"line":157,"column":1}},"line":112},"5":{"name":"replyMessage","decl":{"start":{"line":159,"column":16},"end":{"line":159,"column":28}},"loc":{"start":{"line":159,"column":48},"end":{"line":249,"column":1}},"line":159}},"branchMap":{"0":{"loc":{"start":{"line":30,"column":4},"end":{"line":61,"column":5}},"type":"if","locations":[{"start":{"line":30,"column":4},"end":{"line":61,"column":5}},{"start":{"line":30,"column":4},"end":{"line":61,"column":5}}],"line":30},"1":{"loc":{"start":{"line":30,"column":8},"end":{"line":30,"column":74}},"type":"binary-expr","locations":[{"start":{"line":30,"column":8},"end":{"line":30,"column":29}},{"start":{"line":30,"column":33},"end":{"line":30,"column":37}},{"start":{"line":30,"column":41},"end":{"line":30,"column":66}},{"start":{"line":30,"column":70},"end":{"line":30,"column":74}}],"line":30},"2":{"loc":{"start":{"line":66,"column":4},"end":{"line":108,"column":5}},"type":"if","locations":[{"start":{"line":66,"column":4},"end":{"line":108,"column":5}},{"start":{"line":66,"column":4},"end":{"line":108,"column":5}}],"line":66},"3":{"loc":{"start":{"line":114,"column":4},"end":{"line":155,"column":5}},"type":"if","locations":[{"start":{"line":114,"column":4},"end":{"line":155,"column":5}},{"start":{"line":114,"column":4},"end":{"line":155,"column":5}}],"line":114},"4":{"loc":{"start":{"line":114,"column":8},"end":{"line":114,"column":52}},"type":"binary-expr","locations":[{"start":{"line":114,"column":8},"end":{"line":114,"column":44}},{"start":{"line":114,"column":48},"end":{"line":114,"column":52}}],"line":114},"5":{"loc":{"start":{"line":161,"column":8},"end":{"line":247,"column":9}},"type":"if","locations":[{"start":{"line":161,"column":8},"end":{"line":247,"column":9}},{"start":{"line":161,"column":8},"end":{"line":247,"column":9}}],"line":161},"6":{"loc":{"start":{"line":161,"column":12},"end":{"line":161,"column":58}},"type":"binary-expr","locations":[{"start":{"line":161,"column":12},"end":{"line":161,"column":33}},{"start":{"line":161,"column":37},"end":{"line":161,"column":58}}],"line":161},"7":{"loc":{"start":{"line":186,"column":12},"end":{"line":247,"column":9}},"type":"if","locations":[{"start":{"line":186,"column":12},"end":{"line":247,"column":9}},{"start":{"line":186,"column":12},"end":{"line":247,"column":9}}],"line":186},"8":{"loc":{"start":{"line":186,"column":16},"end":{"line":186,"column":62}},"type":"binary-expr","locations":[{"start":{"line":186,"column":16},"end":{"line":186,"column":37}},{"start":{"line":186,"column":41},"end":{"line":186,"column":62}}],"line":186},"9":{"loc":{"start":{"line":209,"column":12},"end":{"line":247,"column":9}},"type":"if","locations":[{"start":{"line":209,"column":12},"end":{"line":247,"column":9}},{"start":{"line":209,"column":12},"end":{"line":247,"column":9}}],"line":209},"10":{"loc":{"start":{"line":209,"column":16},"end":{"line":209,"column":62}},"type":"binary-expr","locations":[{"start":{"line":209,"column":16},"end":{"line":209,"column":37}},{"start":{"line":209,"column":41},"end":{"line":209,"column":62}}],"line":209},"11":{"loc":{"start":{"line":229,"column":11},"end":{"line":247,"column":9}},"type":"if","locations":[{"start":{"line":229,"column":11},"end":{"line":247,"column":9}},{"start":{"line":229,"column":11},"end":{"line":247,"column":9}}],"line":229},"12":{"loc":{"start":{"line":229,"column":15},"end":{"line":229,"column":61}},"type":"binary-expr","locations":[{"start":{"line":229,"column":15},"end":{"line":229,"column":36}},{"start":{"line":229,"column":40},"end":{"line":229,"column":61}}],"line":229}},"s":{"0":0,"1":0,"2":0,"3":0,"4":0,"5":0,"6":0,"7":0,"8":0,"9":0,"10":0,"11":0,"12":0,"13":0,"14":0,"15":0,"16":0,"17":0,"18":0,"19":0,"20":0,"21":0,"22":0,"23":0,"24":0,"25":0,"26":0,"27":0,"28":0,"29":0,"30":0,"31":0,"32":0,"33":0,"34":0,"35":0,"36":0,"37":0,"38":0},"f":{"0":0,"1":0,"2":0,"3":0,"4":0,"5":0},"b":{"0":[0,0],"1":[0,0,0,0],"2":[0,0],"3":[0,0],"4":[0,0],"5":[0,0],"6":[0,0],"7":[0,0],"8":[0,0],"9":[0,0],"10":[0,0],"11":[0,0],"12":[0,0]},"_coverageSchema":"332fd63041d2c1bcb487cc26dd0d5f7d97098a6c","hash":"b74938239042cc12a35e0735766756189dd7341c"}
,"/Users/admin/Documents/secure-message/secure-message-webapp/src/js/parsers/MessageSubjectParser.js": {"path":"/Users/admin/Documents/secure-message/secure-message-webapp/src/js/parsers/MessageSubjectParser.js","statementMap":{"0":{"start":{"line":10,"column":21},"end":{"line":10,"column":23}},"1":{"start":{"line":11,"column":33},"end":{"line":11,"column":59}},"2":{"start":{"line":12,"column":4},"end":{"line":15,"column":7}},"3":{"start":{"line":13,"column":7},"end":{"line":13,"column":55}},"4":{"start":{"line":14,"column":8},"end":{"line":14,"column":31}},"5":{"start":{"line":16,"column":4},"end":{"line":16,"column":20}},"6":{"start":{"line":20,"column":33},"end":{"line":20,"column":59}},"7":{"start":{"line":21,"column":4},"end":{"line":23,"column":7}},"8":{"start":{"line":22,"column":8},"end":{"line":22,"column":50}},"9":{"start":{"line":24,"column":4},"end":{"line":24,"column":46}}},"fnMap":{"0":{"name":"parseSubjects","decl":{"start":{"line":9,"column":16},"end":{"line":9,"column":29}},"loc":{"start":{"line":9,"column":40},"end":{"line":18,"column":1}},"line":9},"1":{"name":"(anonymous_1)","decl":{"start":{"line":12,"column":33},"end":{"line":12,"column":34}},"loc":{"start":{"line":12,"column":44},"end":{"line":15,"column":5}},"line":12},"2":{"name":"parseAccounts","decl":{"start":{"line":19,"column":16},"end":{"line":19,"column":29}},"loc":{"start":{"line":19,"column":40},"end":{"line":25,"column":1}},"line":19},"3":{"name":"(anonymous_3)","decl":{"start":{"line":21,"column":32},"end":{"line":21,"column":33}},"loc":{"start":{"line":21,"column":43},"end":{"line":23,"column":5}},"line":21}},"branchMap":{},"s":{"0":0,"1":0,"2":0,"3":0,"4":0,"5":0,"6":0,"7":0,"8":0,"9":0},"f":{"0":0,"1":0,"2":0,"3":0},"b":{},"_coverageSchema":"332fd63041d2c1bcb487cc26dd0d5f7d97098a6c","hash":"5062be27daaf39d0c2b5ea59b3dd70cb8d59c4cc"}
,"/Users/admin/Documents/secure-message/secure-message-webapp/src/js/utils/ConfigUtils.js": {"path":"/Users/admin/Documents/secure-message/secure-message-webapp/src/js/utils/ConfigUtils.js","statementMap":{"0":{"start":{"line":5,"column":8},"end":{"line":11,"column":15}},"1":{"start":{"line":7,"column":16},"end":{"line":7,"column":31}},"2":{"start":{"line":9,"column":16},"end":{"line":9,"column":42}},"3":{"start":{"line":10,"column":16},"end":{"line":10,"column":27}}},"fnMap":{"0":{"name":"(anonymous_0)","decl":{"start":{"line":4,"column":23},"end":{"line":4,"column":24}},"loc":{"start":{"line":4,"column":37},"end":{"line":12,"column":5}},"line":4},"1":{"name":"(anonymous_1)","decl":{"start":{"line":6,"column":18},"end":{"line":6,"column":19}},"loc":{"start":{"line":7,"column":16},"end":{"line":7,"column":31}},"line":7},"2":{"name":"(anonymous_2)","decl":{"start":{"line":8,"column":20},"end":{"line":8,"column":21}},"loc":{"start":{"line":8,"column":30},"end":{"line":11,"column":13}},"line":8}},"branchMap":{},"s":{"0":0,"1":0,"2":0,"3":0},"f":{"0":0,"1":0,"2":0},"b":{},"_coverageSchema":"332fd63041d2c1bcb487cc26dd0d5f7d97098a6c","hash":"433b0057bf6bce422670b78300715eed066e22ec"}
,"/Users/admin/Documents/secure-message/secure-message-webapp/src/js/utils/DateUtils.js": {"path":"/Users/admin/Documents/secure-message/secure-message-webapp/src/js/utils/DateUtils.js","statementMap":{"0":{"start":{"line":13,"column":2},"end":{"line":13,"column":45}},"1":{"start":{"line":21,"column":2},"end":{"line":21,"column":57}}},"fnMap":{"0":{"name":"getISODateString","decl":{"start":{"line":12,"column":17},"end":{"line":12,"column":33}},"loc":{"start":{"line":12,"column":43},"end":{"line":14,"column":2}},"line":12},"1":{"name":"sortArrayByDate","decl":{"start":{"line":20,"column":17},"end":{"line":20,"column":32}},"loc":{"start":{"line":20,"column":43},"end":{"line":22,"column":2}},"line":20}},"branchMap":{},"s":{"0":2,"1":1},"f":{"0":2,"1":1},"b":{},"_coverageSchema":"332fd63041d2c1bcb487cc26dd0d5f7d97098a6c","hash":"d65129fe669a56641d0b2c815270383c808784ad"}
,"/Users/admin/Documents/secure-message/secure-message-webapp/src/js/utils/RegexUtils.js": {"path":"/Users/admin/Documents/secure-message/secure-message-webapp/src/js/utils/RegexUtils.js","statementMap":{"0":{"start":{"line":2,"column":20},"end":{"line":2,"column":28}},"1":{"start":{"line":3,"column":33},"end":{"line":3,"column":70}},"2":{"start":{"line":4,"column":33},"end":{"line":4,"column":70}},"3":{"start":{"line":5,"column":32},"end":{"line":5,"column":52}},"4":{"start":{"line":7,"column":19},"end":{"line":18,"column":1}},"5":{"start":{"line":9,"column":8},"end":{"line":9,"column":119}},"6":{"start":{"line":12,"column":8},"end":{"line":12,"column":52}},"7":{"start":{"line":15,"column":23},"end":{"line":15,"column":62}},"8":{"start":{"line":16,"column":7},"end":{"line":16,"column":32}}},"fnMap":{},"branchMap":{"0":{"loc":{"start":{"line":9,"column":15},"end":{"line":9,"column":118}},"type":"binary-expr","locations":[{"start":{"line":9,"column":15},"end":{"line":9,"column":38}},{"start":{"line":9,"column":42},"end":{"line":9,"column":78}},{"start":{"line":9,"column":82},"end":{"line":9,"column":118}}],"line":9}},"s":{"0":1,"1":1,"2":1,"3":1,"4":1,"5":3,"6":1,"7":0,"8":0},"f":{},"b":{"0":[3,3,0]},"_coverageSchema":"332fd63041d2c1bcb487cc26dd0d5f7d97098a6c","hash":"5eccb516a07a5aec296176dc7b17b202208e0007"}
,"/Users/admin/Documents/secure-message/secure-message-webapp/src/js/utils/SecureMessageUtils.js": {"path":"/Users/admin/Documents/secure-message/secure-message-webapp/src/js/utils/SecureMessageUtils.js","statementMap":{"0":{"start":{"line":10,"column":4},"end":{"line":14,"column":5}},"1":{"start":{"line":11,"column":8},"end":{"line":11,"column":22}},"2":{"start":{"line":12,"column":11},"end":{"line":14,"column":5}},"3":{"start":{"line":13,"column":8},"end":{"line":13,"column":23}},"4":{"start":{"line":18,"column":4},"end":{"line":18,"column":28}},"5":{"start":{"line":19,"column":4},"end":{"line":19,"column":19}}},"fnMap":{"0":{"name":"getMessageType","decl":{"start":{"line":9,"column":16},"end":{"line":9,"column":30}},"loc":{"start":{"line":9,"column":36},"end":{"line":15,"column":1}},"line":9},"1":{"name":"updateMessageStatus","decl":{"start":{"line":17,"column":16},"end":{"line":17,"column":35}},"loc":{"start":{"line":17,"column":52},"end":{"line":20,"column":1}},"line":17}},"branchMap":{"0":{"loc":{"start":{"line":10,"column":4},"end":{"line":14,"column":5}},"type":"if","locations":[{"start":{"line":10,"column":4},"end":{"line":14,"column":5}},{"start":{"line":10,"column":4},"end":{"line":14,"column":5}}],"line":10},"1":{"loc":{"start":{"line":10,"column":7},"end":{"line":10,"column":42}},"type":"binary-expr","locations":[{"start":{"line":10,"column":7},"end":{"line":10,"column":21}},{"start":{"line":10,"column":25},"end":{"line":10,"column":42}}],"line":10},"2":{"loc":{"start":{"line":12,"column":11},"end":{"line":14,"column":5}},"type":"if","locations":[{"start":{"line":12,"column":11},"end":{"line":14,"column":5}},{"start":{"line":12,"column":11},"end":{"line":14,"column":5}}],"line":12},"3":{"loc":{"start":{"line":12,"column":14},"end":{"line":12,"column":45}},"type":"binary-expr","locations":[{"start":{"line":12,"column":14},"end":{"line":12,"column":27}},{"start":{"line":12,"column":31},"end":{"line":12,"column":45}}],"line":12}},"s":{"0":4,"1":2,"2":2,"3":2,"4":2,"5":2},"f":{"0":4,"1":2},"b":{"0":[2,2],"1":[4,3],"2":[2,0],"3":[2,1]},"_coverageSchema":"332fd63041d2c1bcb487cc26dd0d5f7d97098a6c","hash":"3e097a4eef485ec5320d2aa021471e5cb8badb40"}
}
