TN:
SF:/Users/admin/Documents/secure-message/secure-message-webapp/src/setupTests.js
FNF:0
FNH:0
DA:4,13
LF:1
LH:1
BRF:0
BRH:0
end_of_record
TN:
SF:/Users/admin/Documents/secure-message/secure-message-webapp/src/js/content.js
FNF:0
FNH:0
DA:2,1
LF:1
LH:1
BRF:0
BRH:0
end_of_record
TN:
SF:/Users/admin/Documents/secure-message/secure-message-webapp/src/js/token.js
FNF:0
FNH:0
DA:1,4
DA:3,4
DA:4,4
DA:5,4
DA:7,4
DA:8,4
DA:9,4
DA:10,0
DA:11,0
DA:12,0
DA:13,0
DA:14,0
DA:17,4
DA:20,4
DA:21,4
DA:22,4
DA:24,4
DA:25,4
DA:26,0
DA:27,0
DA:28,0
DA:29,0
DA:30,0
DA:33,4
DA:36,4
DA:37,4
DA:38,4
DA:40,4
DA:41,0
DA:42,0
DA:43,0
DA:44,0
DA:45,0
DA:46,0
DA:48,4
DA:56,0
DA:57,0
DA:58,0
DA:60,0
DA:61,0
DA:62,0
DA:63,0
DA:64,0
DA:65,0
DA:66,0
DA:69,0
LF:46
LH:19
BRDA:9,0,0,0
BRDA:9,0,1,4
BRDA:9,1,0,4
BRDA:9,1,1,0
BRDA:13,2,0,0
BRDA:13,2,1,0
BRDA:25,3,0,0
BRDA:25,3,1,4
BRDA:25,4,0,4
BRDA:25,4,1,0
BRDA:29,5,0,0
BRDA:29,5,1,0
BRDA:40,6,0,0
BRDA:40,6,1,4
BRDA:40,7,0,4
BRDA:40,7,1,0
BRDA:61,8,0,0
BRDA:61,8,1,0
BRDA:61,9,0,0
BRDA:61,9,1,0
BRDA:65,10,0,0
BRDA:65,10,1,0
BRF:22
BRH:6
end_of_record
TN:
SF:/Users/admin/Documents/secure-message/secure-message-webapp/src/js/actions/AppActions.js
FN:6,fetchSecureMessages
FN:7,(anonymous_1)
FN:12,(anonymous_2)
FN:20,(anonymous_3)
FN:29,getMessageSubjects
FN:30,(anonymous_5)
FN:31,(anonymous_6)
FN:39,(anonymous_7)
FN:49,getAccounts
FN:50,(anonymous_9)
FN:51,(anonymous_10)
FN:59,(anonymous_11)
FN:70,getActiveTab
FN:71,(anonymous_13)
FN:80,backButton
FN:81,(anonymous_15)
FN:88,sendMessageData
FN:89,(anonymous_17)
FN:90,(anonymous_18)
FN:96,(anonymous_19)
FN:107,replyMessageData
FN:108,(anonymous_21)
FN:109,(anonymous_22)
FN:115,(anonymous_23)
FN:126,updateMessageData
FN:127,(anonymous_25)
FN:128,(anonymous_26)
FN:134,(anonymous_27)
FN:144,setViewMessageDetail
FN:145,(anonymous_29)
FN:154,delMessageData
FN:155,(anonymous_31)
FN:156,(anonymous_32)
FN:162,(anonymous_33)
FN:173,sendMessageForAccessibiltiy
FN:174,(anonymous_35)
FN:183,popupState
FN:184,(anonymous_37)
FN:192,closeDelModal
FN:193,(anonymous_39)
FNF:40
FNH:0
FNDA:0,fetchSecureMessages
FNDA:0,(anonymous_1)
FNDA:0,(anonymous_2)
FNDA:0,(anonymous_3)
FNDA:0,getMessageSubjects
FNDA:0,(anonymous_5)
FNDA:0,(anonymous_6)
FNDA:0,(anonymous_7)
FNDA:0,getAccounts
FNDA:0,(anonymous_9)
FNDA:0,(anonymous_10)
FNDA:0,(anonymous_11)
FNDA:0,getActiveTab
FNDA:0,(anonymous_13)
FNDA:0,backButton
FNDA:0,(anonymous_15)
FNDA:0,sendMessageData
FNDA:0,(anonymous_17)
FNDA:0,(anonymous_18)
FNDA:0,(anonymous_19)
FNDA:0,replyMessageData
FNDA:0,(anonymous_21)
FNDA:0,(anonymous_22)
FNDA:0,(anonymous_23)
FNDA:0,updateMessageData
FNDA:0,(anonymous_25)
FNDA:0,(anonymous_26)
FNDA:0,(anonymous_27)
FNDA:0,setViewMessageDetail
FNDA:0,(anonymous_29)
FNDA:0,delMessageData
FNDA:0,(anonymous_31)
FNDA:0,(anonymous_32)
FNDA:0,(anonymous_33)
FNDA:0,sendMessageForAccessibiltiy
FNDA:0,(anonymous_35)
FNDA:0,popupState
FNDA:0,(anonymous_37)
FNDA:0,closeDelModal
FNDA:0,(anonymous_39)
DA:7,0
DA:8,0
DA:11,0
DA:12,0
DA:13,0
DA:14,0
DA:18,0
DA:20,0
DA:21,0
DA:24,0
DA:26,0
DA:30,0
DA:31,0
DA:32,0
DA:33,0
DA:37,0
DA:39,0
DA:40,0
DA:44,0
DA:46,0
DA:50,0
DA:51,0
DA:52,0
DA:53,0
DA:57,0
DA:59,0
DA:60,0
DA:64,0
DA:66,0
DA:71,0
DA:72,0
DA:76,0
DA:81,0
DA:82,0
DA:85,0
DA:89,0
DA:90,0
DA:91,0
DA:94,0
DA:96,0
DA:97,0
DA:101,0
DA:103,0
DA:108,0
DA:109,0
DA:110,0
DA:113,0
DA:115,0
DA:116,0
DA:120,0
DA:122,0
DA:127,0
DA:128,0
DA:129,0
DA:132,0
DA:134,0
DA:135,0
DA:139,0
DA:141,0
DA:145,0
DA:146,0
DA:150,0
DA:155,0
DA:156,0
DA:157,0
DA:160,0
DA:162,0
DA:163,0
DA:167,0
DA:169,0
DA:174,0
DA:175,0
DA:179,0
DA:184,0
DA:185,0
DA:188,0
DA:193,0
DA:194,0
DA:197,0
LF:79
LH:0
BRDA:13,0,0,0
BRDA:13,0,1,0
BRF:2
BRH:0
end_of_record
TN:
SF:/Users/admin/Documents/secure-message/secure-message-webapp/src/js/api/ApiUtils.js
FN:16,(anonymous_0)
FN:23,(anonymous_1)
FN:26,(anonymous_2)
FN:32,(anonymous_3)
FN:35,(anonymous_4)
FN:41,(anonymous_5)
FN:44,(anonymous_6)
FN:50,(anonymous_7)
FN:53,(anonymous_8)
FNF:9
FNH:0
FNDA:0,(anonymous_0)
FNDA:0,(anonymous_1)
FNDA:0,(anonymous_2)
FNDA:0,(anonymous_3)
FNDA:0,(anonymous_4)
FNDA:0,(anonymous_5)
FNDA:0,(anonymous_6)
FNDA:0,(anonymous_7)
FNDA:0,(anonymous_8)
DA:3,4
DA:9,4
DA:17,0
DA:18,0
DA:19,0
DA:21,0
DA:24,0
DA:27,0
DA:30,0
DA:33,0
DA:36,0
DA:39,0
DA:42,0
DA:45,0
DA:48,0
DA:51,0
DA:54,0
LF:17
LH:2
BRDA:19,0,0,0
BRDA:19,0,1,0
BRDA:19,0,2,0
BRDA:19,0,3,0
BRF:4
BRH:0
end_of_record
TN:
SF:/Users/admin/Documents/secure-message/secure-message-webapp/src/js/api/AppApi.js
FN:13,(anonymous_0)
FN:17,(anonymous_1)
FN:21,(anonymous_2)
FN:25,(anonymous_3)
FN:30,(anonymous_4)
FN:35,(anonymous_5)
FNF:6
FNH:0
FNDA:0,(anonymous_0)
FNDA:0,(anonymous_1)
FNDA:0,(anonymous_2)
FNDA:0,(anonymous_3)
FNDA:0,(anonymous_4)
FNDA:0,(anonymous_5)
DA:7,4
DA:8,4
DA:9,4
DA:10,4
DA:14,0
DA:18,0
DA:22,0
DA:26,0
DA:27,0
DA:31,0
DA:32,0
DA:36,0
DA:37,0
DA:39,0
DA:41,0
DA:42,0
DA:44,0
DA:45,0
DA:47,0
DA:48,0
DA:50,0
DA:51,0
DA:54,0
LF:23
LH:4
BRDA:39,0,0,0
BRDA:39,0,1,0
BRDA:39,0,2,0
BRDA:39,0,3,0
BRDA:39,0,4,0
BRF:5
BRH:0
end_of_record
TN:
SF:/Users/admin/Documents/secure-message/secure-message-webapp/src/js/bl/SecureMessageBL.js
FN:10,SecureMessageBL
FN:14,(anonymous_1)
FN:37,getThreadsBL
FN:39,(anonymous_3)
FN:43,getAccountName
FN:45,(anonymous_5)
FNF:6
FNH:4
FNDA:1,SecureMessageBL
FNDA:5,(anonymous_1)
FNDA:2,getThreadsBL
FNDA:10,(anonymous_3)
FNDA:0,getAccountName
FNDA:0,(anonymous_5)
DA:11,1
DA:12,1
DA:13,1
DA:14,1
DA:15,5
DA:18,2
DA:19,2
DA:21,1
DA:22,1
DA:25,2
DA:26,2
DA:30,1
DA:39,10
DA:44,0
DA:45,0
DA:46,0
DA:47,0
DA:48,0
DA:52,0
LF:19
LH:13
BRDA:15,0,0,1
BRDA:15,0,1,2
BRDA:15,0,2,1
BRDA:15,0,3,1
BRDA:15,0,4,2
BRDA:15,0,5,0
BRDA:39,1,0,10
BRDA:39,1,1,5
BRDA:44,2,0,0
BRDA:44,2,1,0
BRDA:46,3,0,0
BRDA:46,3,1,0
BRDA:47,4,0,0
BRDA:47,4,1,0
BRF:14
BRH:7
end_of_record
TN:
SF:/Users/admin/Documents/secure-message/secure-message-webapp/src/js/components/common/CalloutComponent.js
FN:6,(anonymous_0)
FNF:1
FNH:1
FNDA:2,(anonymous_0)
DA:7,2
DA:14,2
DA:20,2
LF:3
LH:3
BRF:0
BRH:0
end_of_record
TN:
SF:/Users/admin/Documents/secure-message/secure-message-webapp/src/js/components/common/DropDownComponent.js
FN:11,(anonymous_0)
FN:26,(anonymous_1)
FN:29,(anonymous_2)
FN:32,(anonymous_3)
FN:37,(anonymous_4)
FN:44,(anonymous_5)
FN:47,(anonymous_6)
FN:51,(anonymous_7)
FN:74,(anonymous_8)
FN:86,(anonymous_9)
FN:91,(anonymous_10)
FN:97,(anonymous_11)
FN:98,(anonymous_12)
FN:100,(anonymous_13)
FN:105,(anonymous_14)
FN:106,(anonymous_15)
FN:110,(anonymous_16)
FN:111,(anonymous_17)
FN:113,(anonymous_18)
FN:118,(anonymous_19)
FN:119,(anonymous_20)
FN:127,(anonymous_21)
FN:153,(anonymous_22)
FNF:23
FNH:0
FNDA:0,(anonymous_0)
FNDA:0,(anonymous_1)
FNDA:0,(anonymous_2)
FNDA:0,(anonymous_3)
FNDA:0,(anonymous_4)
FNDA:0,(anonymous_5)
FNDA:0,(anonymous_6)
FNDA:0,(anonymous_7)
FNDA:0,(anonymous_8)
FNDA:0,(anonymous_9)
FNDA:0,(anonymous_10)
FNDA:0,(anonymous_11)
FNDA:0,(anonymous_12)
FNDA:0,(anonymous_13)
FNDA:0,(anonymous_14)
FNDA:0,(anonymous_15)
FNDA:0,(anonymous_16)
FNDA:0,(anonymous_17)
FNDA:0,(anonymous_18)
FNDA:0,(anonymous_19)
FNDA:0,(anonymous_20)
FNDA:0,(anonymous_21)
FNDA:0,(anonymous_22)
DA:12,0
DA:13,0
DA:14,0
DA:15,0
DA:16,0
DA:17,0
DA:18,0
DA:19,0
DA:20,0
DA:27,0
DA:30,0
DA:33,0
DA:38,0
DA:42,0
DA:45,0
DA:48,0
DA:49,0
DA:52,0
DA:53,0
DA:57,0
DA:60,0
DA:75,0
DA:76,0
DA:77,0
DA:78,0
DA:80,0
DA:81,0
DA:83,0
DA:87,0
DA:92,0
DA:93,0
DA:94,0
DA:95,0
DA:97,0
DA:98,0
DA:99,0
DA:100,0
DA:103,0
DA:105,0
DA:106,0
DA:108,0
DA:110,0
DA:111,0
DA:112,0
DA:113,0
DA:116,0
DA:118,0
DA:119,0
DA:122,0
DA:125,0
DA:128,0
DA:129,0
DA:130,0
DA:134,0
DA:153,1
LF:55
LH:1
BRDA:76,0,0,0
BRDA:76,0,1,0
BRDA:80,1,0,0
BRDA:80,1,1,0
BRDA:95,2,0,0
BRDA:95,2,1,0
BRDA:95,2,2,0
BRDA:95,2,3,0
BRDA:95,2,4,0
BRDA:96,3,0,0
BRDA:96,3,1,0
BRDA:99,4,0,0
BRDA:99,4,1,0
BRDA:104,5,0,0
BRDA:104,5,1,0
BRDA:109,6,0,0
BRDA:109,6,1,0
BRDA:112,7,0,0
BRDA:112,7,1,0
BRDA:117,8,0,0
BRDA:117,8,1,0
BRDA:138,9,0,0
BRDA:138,9,1,0
BRDA:139,10,0,0
BRDA:139,10,1,0
BRDA:141,11,0,0
BRDA:141,11,1,0
BRDA:142,12,0,0
BRDA:142,12,1,0
BRDA:143,13,0,0
BRDA:143,13,1,0
BRDA:143,14,0,0
BRDA:143,14,1,0
BRDA:143,14,2,0
BRF:34
BRH:0
end_of_record
TN:
SF:/Users/admin/Documents/secure-message/secure-message-webapp/src/js/components/common/GetIcon.js
FN:6,(anonymous_0)
FNF:1
FNH:1
FNDA:3,(anonymous_0)
DA:7,3
LF:1
LH:1
BRDA:8,0,0,2
BRDA:8,0,1,1
BRDA:8,1,0,2
BRDA:8,1,1,1
BRF:4
BRH:4
end_of_record
TN:
SF:/Users/admin/Documents/secure-message/secure-message-webapp/src/js/components/common/ModalComponent.js
FN:7,(anonymous_0)
FN:53,(anonymous_1)
FNF:2
FNH:1
FNDA:2,(anonymous_0)
FNDA:0,(anonymous_1)
DA:8,2
DA:37,5
DA:51,5
DA:53,0
DA:63,5
LF:5
LH:4
BRDA:23,0,0,1
BRDA:23,0,1,1
BRDA:23,1,0,2
BRDA:23,1,1,1
BRF:4
BRH:4
end_of_record
TN:
SF:/Users/admin/Documents/secure-message/secure-message-webapp/src/js/components/common/SecureMessageSummary.js
FN:13,(anonymous_0)
FN:29,(anonymous_1)
FN:33,(anonymous_2)
FN:45,(anonymous_3)
FN:80,(anonymous_4)
FN:106,(anonymous_5)
FN:141,(anonymous_6)
FN:144,(anonymous_7)
FN:147,(anonymous_8)
FN:151,(anonymous_9)
FN:152,(anonymous_10)
FN:157,(anonymous_11)
FN:161,(anonymous_12)
FN:174,(anonymous_13)
FN:180,(anonymous_14)
FN:223,(anonymous_15)
FN:266,(anonymous_16)
FN:304,(anonymous_17)
FN:396,(anonymous_18)
FNF:19
FNH:0
FNDA:0,(anonymous_0)
FNDA:0,(anonymous_1)
FNDA:0,(anonymous_2)
FNDA:0,(anonymous_3)
FNDA:0,(anonymous_4)
FNDA:0,(anonymous_5)
FNDA:0,(anonymous_6)
FNDA:0,(anonymous_7)
FNDA:0,(anonymous_8)
FNDA:0,(anonymous_9)
FNDA:0,(anonymous_10)
FNDA:0,(anonymous_11)
FNDA:0,(anonymous_12)
FNDA:0,(anonymous_13)
FNDA:0,(anonymous_14)
FNDA:0,(anonymous_15)
FNDA:0,(anonymous_16)
FNDA:0,(anonymous_17)
FNDA:0,(anonymous_18)
DA:14,0
DA:15,0
DA:16,0
DA:21,0
DA:22,0
DA:23,0
DA:24,0
DA:25,0
DA:26,0
DA:27,0
DA:30,0
DA:31,0
DA:34,0
DA:35,0
DA:37,0
DA:38,0
DA:46,0
DA:47,0
DA:48,0
DA:49,0
DA:51,0
DA:53,0
DA:81,0
DA:82,0
DA:83,0
DA:84,0
DA:86,0
DA:88,0
DA:107,0
DA:109,0
DA:112,0
DA:113,0
DA:114,0
DA:116,0
DA:118,0
DA:119,0
DA:120,0
DA:129,0
DA:139,0
DA:142,0
DA:145,0
DA:148,0
DA:149,0
DA:152,0
DA:153,0
DA:155,0
DA:158,0
DA:159,0
DA:160,0
DA:161,0
DA:162,0
DA:166,0
DA:167,0
DA:175,0
DA:176,0
DA:181,0
DA:183,0
DA:189,0
DA:210,0
DA:224,0
DA:226,0
DA:235,0
DA:252,0
DA:267,0
DA:269,0
DA:274,0
DA:291,0
DA:305,0
DA:306,0
DA:307,0
DA:314,0
DA:321,0
DA:325,0
DA:329,0
DA:334,0
DA:337,0
DA:375,3
DA:384,3
DA:396,3
LF:79
LH:3
BRDA:35,0,0,0
BRDA:35,0,1,0
BRDA:37,1,0,0
BRDA:37,1,1,0
BRDA:48,2,0,0
BRDA:48,2,1,0
BRDA:54,3,0,0
BRDA:54,3,1,0
BRDA:58,4,0,0
BRDA:58,4,1,0
BRDA:83,5,0,0
BRDA:83,5,1,0
BRDA:109,6,0,0
BRDA:109,6,1,0
BRDA:113,7,0,0
BRDA:113,7,1,0
BRDA:118,8,0,0
BRDA:118,8,1,0
BRDA:119,9,0,0
BRDA:119,9,1,0
BRDA:159,10,0,0
BRDA:159,10,1,0
BRDA:189,11,0,0
BRDA:189,11,1,0
BRDA:317,12,0,0
BRDA:317,12,1,0
BRDA:317,12,2,0
BRDA:334,13,0,0
BRDA:334,13,1,0
BRDA:339,14,0,0
BRDA:339,14,1,0
BRDA:339,14,2,0
BRDA:352,15,0,0
BRDA:352,15,1,0
BRDA:352,15,2,0
BRDA:354,16,0,0
BRDA:354,16,1,0
BRDA:357,17,0,0
BRDA:357,17,1,0
BRDA:362,18,0,0
BRDA:362,18,1,0
BRDA:367,19,0,0
BRDA:367,19,1,0
BRDA:368,20,0,0
BRDA:368,20,1,0
BRDA:368,20,2,0
BRDA:369,21,0,0
BRDA:369,21,1,0
BRDA:369,21,2,0
BRF:49
BRH:0
end_of_record
TN:
SF:/Users/admin/Documents/secure-message/secure-message-webapp/src/js/components/common/StepHeader.js
FN:9,(anonymous_0)
FNF:1
FNH:1
FNDA:2,(anonymous_0)
DA:10,2
DA:26,1
LF:2
LH:2
BRDA:11,0,0,0
BRDA:11,0,1,2
BRDA:12,1,0,2
BRDA:12,1,1,0
BRDA:19,2,0,0
BRDA:19,2,1,2
BRF:6
BRH:3
end_of_record
TN:
SF:/Users/admin/Documents/secure-message/secure-message-webapp/src/js/components/common/TextAreaComponent.js
FN:6,(anonymous_0)
FN:14,(anonymous_1)
FN:22,(anonymous_2)
FN:26,(anonymous_3)
FN:29,(anonymous_4)
FNF:5
FNH:3
FNDA:2,(anonymous_0)
FNDA:2,(anonymous_1)
FNDA:0,(anonymous_2)
FNDA:0,(anonymous_3)
FNDA:2,(anonymous_4)
DA:7,2
DA:8,2
DA:9,2
DA:10,2
DA:15,2
DA:16,1
DA:17,0
DA:18,0
DA:19,1
DA:23,0
DA:24,0
DA:30,2
DA:49,3
LF:13
LH:9
BRDA:15,0,0,1
BRDA:15,0,1,1
BRDA:16,1,0,0
BRDA:16,1,1,1
BRF:4
BRH:3
end_of_record
TN:
SF:/Users/admin/Documents/secure-message/secure-message-webapp/src/js/components/common/ThreadList.js
FN:7,(anonymous_0)
FN:13,(anonymous_1)
FN:18,(anonymous_2)
FNF:3
FNH:2
FNDA:2,(anonymous_0)
FNDA:0,(anonymous_1)
FNDA:2,(anonymous_2)
DA:8,2
DA:9,2
DA:10,2
DA:11,1
DA:13,2
DA:14,0
DA:16,2
DA:19,2
LF:8
LH:7
BRDA:10,0,0,1
BRDA:10,0,1,1
BRF:2
BRH:2
end_of_record
TN:
SF:/Users/admin/Documents/secure-message/secure-message-webapp/src/js/components/common/ThreadsComponent.js
FN:8,(anonymous_0)
FNF:1
FNH:0
FNDA:0,(anonymous_0)
DA:9,0
DA:10,0
LF:2
LH:0
BRF:0
BRH:0
end_of_record
TN:
SF:/Users/admin/Documents/secure-message/secure-message-webapp/src/js/constants/AppConstants.js
FNF:0
FNH:0
LF:0
LH:0
BRF:0
BRH:0
end_of_record
TN:
SF:/Users/admin/Documents/secure-message/secure-message-webapp/src/js/constants/StringsConstants.js
FNF:0
FNH:0
DA:7,5
DA:17,5
LF:2
LH:2
BRF:0
BRH:0
end_of_record
TN:
SF:/Users/admin/Documents/secure-message/secure-message-webapp/src/js/entities/AccountEntity.js
FN:5,(anonymous_0)
FN:13,(anonymous_1)
FN:19,(anonymous_2)
FN:26,(anonymous_3)
FN:33,(anonymous_4)
FN:36,(anonymous_5)
FN:39,(anonymous_6)
FNF:7
FNH:1
FNDA:2,(anonymous_0)
FNDA:0,(anonymous_1)
FNDA:0,(anonymous_2)
FNDA:0,(anonymous_3)
FNDA:0,(anonymous_4)
FNDA:0,(anonymous_5)
FNDA:0,(anonymous_6)
DA:6,2
DA:7,2
DA:8,2
DA:14,0
DA:20,0
DA:27,0
DA:34,0
DA:37,0
DA:40,0
LF:9
LH:3
BRF:0
BRH:0
end_of_record
TN:
SF:/Users/admin/Documents/secure-message/secure-message-webapp/src/js/entities/MessageAccountEntity.js
FN:3,(anonymous_0)
FN:6,(anonymous_1)
FN:9,(anonymous_2)
FNF:3
FNH:0
FNDA:0,(anonymous_0)
FNDA:0,(anonymous_1)
FNDA:0,(anonymous_2)
DA:4,0
DA:7,0
DA:10,0
LF:3
LH:0
BRF:0
BRH:0
end_of_record
TN:
SF:/Users/admin/Documents/secure-message/secure-message-webapp/src/js/entities/MessageEntity.js
FN:8,(anonymous_0)
FN:21,(anonymous_1)
FN:27,(anonymous_2)
FN:33,(anonymous_3)
FN:39,(anonymous_4)
FN:45,(anonymous_5)
FN:51,(anonymous_6)
FN:57,(anonymous_7)
FN:63,(anonymous_8)
FN:70,(anonymous_9)
FN:77,(anonymous_10)
FN:90,(anonymous_11)
FN:97,(anonymous_12)
FN:104,(anonymous_13)
FN:111,(anonymous_14)
FN:118,(anonymous_15)
FN:125,(anonymous_16)
FNF:17
FNH:1
FNDA:2,(anonymous_0)
FNDA:0,(anonymous_1)
FNDA:0,(anonymous_2)
FNDA:0,(anonymous_3)
FNDA:0,(anonymous_4)
FNDA:0,(anonymous_5)
FNDA:0,(anonymous_6)
FNDA:0,(anonymous_7)
FNDA:0,(anonymous_8)
FNDA:0,(anonymous_9)
FNDA:0,(anonymous_10)
FNDA:0,(anonymous_11)
FNDA:0,(anonymous_12)
FNDA:0,(anonymous_13)
FNDA:0,(anonymous_14)
FNDA:0,(anonymous_15)
FNDA:0,(anonymous_16)
DA:9,2
DA:10,2
DA:11,2
DA:12,2
DA:13,2
DA:14,2
DA:15,2
DA:16,2
DA:22,0
DA:28,0
DA:34,0
DA:40,0
DA:46,0
DA:52,0
DA:58,0
DA:64,0
DA:71,0
DA:78,0
DA:79,0
DA:80,0
DA:82,0
DA:83,0
DA:91,0
DA:98,0
DA:105,0
DA:112,0
DA:119,0
DA:126,0
LF:28
LH:8
BRDA:78,0,0,0
BRDA:78,0,1,0
BRF:2
BRH:0
end_of_record
TN:
SF:/Users/admin/Documents/secure-message/secure-message-webapp/src/js/entities/MessageSubjectEntity.js
FN:3,(anonymous_0)
FN:8,(anonymous_1)
FN:11,(anonymous_2)
FNF:3
FNH:0
FNDA:0,(anonymous_0)
FNDA:0,(anonymous_1)
FNDA:0,(anonymous_2)
DA:4,0
DA:9,0
DA:12,0
LF:3
LH:0
BRF:0
BRH:0
end_of_record
TN:
SF:/Users/admin/Documents/secure-message/secure-message-webapp/src/js/parsers/MessageParser.js
FN:9,parseMessages
FN:12,(anonymous_1)
FN:29,parseDraft
FN:64,updateMessage
FN:112,deleteMessage
FN:159,replyMessage
FNF:6
FNH:0
FNDA:0,parseMessages
FNDA:0,(anonymous_1)
FNDA:0,parseDraft
FNDA:0,updateMessage
FNDA:0,deleteMessage
FNDA:0,replyMessage
DA:10,0
DA:11,0
DA:12,0
DA:13,0
DA:14,0
DA:15,0
DA:17,0
DA:18,0
DA:19,0
DA:20,0
DA:21,0
DA:22,0
DA:23,0
DA:25,0
DA:30,0
DA:31,0
DA:42,0
DA:44,0
DA:60,0
DA:65,0
DA:66,0
DA:67,0
DA:90,0
DA:109,0
DA:113,0
DA:114,0
DA:115,0
DA:138,0
DA:156,0
DA:160,0
DA:161,0
DA:162,0
DA:186,0
DA:187,0
DA:209,0
DA:210,0
DA:229,0
DA:230,0
DA:248,0
LF:39
LH:0
BRDA:30,0,0,0
BRDA:30,0,1,0
BRDA:30,1,0,0
BRDA:30,1,1,0
BRDA:30,1,2,0
BRDA:30,1,3,0
BRDA:66,2,0,0
BRDA:66,2,1,0
BRDA:114,3,0,0
BRDA:114,3,1,0
BRDA:114,4,0,0
BRDA:114,4,1,0
BRDA:161,5,0,0
BRDA:161,5,1,0
BRDA:161,6,0,0
BRDA:161,6,1,0
BRDA:186,7,0,0
BRDA:186,7,1,0
BRDA:186,8,0,0
BRDA:186,8,1,0
BRDA:209,9,0,0
BRDA:209,9,1,0
BRDA:209,10,0,0
BRDA:209,10,1,0
BRDA:229,11,0,0
BRDA:229,11,1,0
BRDA:229,12,0,0
BRDA:229,12,1,0
BRF:28
BRH:0
end_of_record
TN:
SF:/Users/admin/Documents/secure-message/secure-message-webapp/src/js/parsers/MessageSubjectParser.js
FN:9,parseSubjects
FN:12,(anonymous_1)
FN:19,parseAccounts
FN:21,(anonymous_3)
FNF:4
FNH:0
FNDA:0,parseSubjects
FNDA:0,(anonymous_1)
FNDA:0,parseAccounts
FNDA:0,(anonymous_3)
DA:10,0
DA:11,0
DA:12,0
DA:13,0
DA:14,0
DA:16,0
DA:20,0
DA:21,0
DA:22,0
DA:24,0
LF:10
LH:0
BRF:0
BRH:0
end_of_record
TN:
SF:/Users/admin/Documents/secure-message/secure-message-webapp/src/js/utils/ConfigUtils.js
FN:4,(anonymous_0)
FN:6,(anonymous_1)
FN:8,(anonymous_2)
FNF:3
FNH:0
FNDA:0,(anonymous_0)
FNDA:0,(anonymous_1)
FNDA:0,(anonymous_2)
DA:5,0
DA:7,0
DA:9,0
DA:10,0
LF:4
LH:0
BRF:0
BRH:0
end_of_record
TN:
SF:/Users/admin/Documents/secure-message/secure-message-webapp/src/js/utils/DateUtils.js
FN:12,getISODateString
FN:20,sortArrayByDate
FNF:2
FNH:2
FNDA:2,getISODateString
FNDA:1,sortArrayByDate
DA:13,2
DA:21,1
LF:2
LH:2
BRF:0
BRH:0
end_of_record
TN:
SF:/Users/admin/Documents/secure-message/secure-message-webapp/src/js/utils/RegexUtils.js
FNF:0
FNH:0
DA:2,1
DA:3,1
DA:4,1
DA:5,1
DA:7,1
DA:9,3
DA:12,1
DA:15,0
DA:16,0
LF:9
LH:7
BRDA:9,0,0,3
BRDA:9,0,1,3
BRDA:9,0,2,0
BRF:3
BRH:2
end_of_record
TN:
SF:/Users/admin/Documents/secure-message/secure-message-webapp/src/js/utils/SecureMessageUtils.js
FN:9,getMessageType
FN:17,updateMessageStatus
FNF:2
FNH:2
FNDA:4,getMessageType
FNDA:2,updateMessageStatus
DA:10,4
DA:11,2
DA:12,2
DA:13,2
DA:18,2
DA:19,2
LF:6
LH:6
BRDA:10,0,0,2
BRDA:10,0,1,2
BRDA:10,1,0,4
BRDA:10,1,1,3
BRDA:12,2,0,2
BRDA:12,2,1,0
BRDA:12,3,0,2
BRDA:12,3,1,1
BRF:8
BRH:7
end_of_record
